# There is insufficient memory for the Java Runtime Environment to continue.
# Native memory allocation (malloc) failed to allocate 32744 bytes. Error detail: Chunk::new
# Possible reasons:
#   The system is out of physical RAM or swap space
#   This process is running with CompressedOops enabled, and the Java Heap may be blocking the growth of the native heap
# Possible solutions:
#   Reduce memory load on the system
#   Increase physical memory or swap space
#   Check if swap backing store is full
#   Decrease Java heap size (-Xmx/-Xms)
#   Decrease number of Java threads
#   Decrease Java thread stack sizes (-Xss)
#   Set larger code cache with -XX:ReservedCodeCacheSize=
#
#  
#
# 
]V  [jvm.dll+0x8cc463]
V  [jvm.dll+0x8cea8e]
V  [jvm.dll+0x8cf173]
V  [jvm.dll+0x28b006]
V  [jvm.dll+0xc6f3d]
V  [jvm.dll+0xc7473]
V  [jvm.dll+0x8c0758]
V  [jvm.dll+0x8bfde1]
V  [jvm.dll+0x494294]
C  0x0000022b338ccd6b

The last pc belongs to native method entry point (kind = native) (printed below).
Java frames: (J=compiled Java code, j=interpreted, Vv=VM code)
j  java.security.AccessController.getStackAccessControlContext()Ljava/security/AccessControlContext;+0 java.base@21.0.9
j  java.security.AccessController.getContext()Ljava/security/AccessControlContext;+0 java.base@21.0.9
j  java.lang.Thread.<init>(Ljava/lang/ThreadGroup;Ljava/lang/String;ILjava/lang/Runnable;JLjava/security/AccessControlContext;)V+226 java.base@21.0.9
j  java.lang.Thread.<init>(Ljava/lang/ThreadGroup;Ljava/lang/Runnable;Ljava/lang/String;)V+10 java.base@21.0.9
j  sun.rmi.runtime.NewThreadAction.run()Ljava/lang/Thread;+36 java.rmi@21.0.9
j  sun.rmi.runtime.NewThreadAction.run()Ljava/lang/Object;+1 java.rmi@21.0.9
J 925 c1 java.security.AccessController.doPrivileged(Ljava/security/PrivilegedAction;)Ljava/lang/Object; java.base@21.0.9 (9 bytes) @ 0x0000022b2c5ee854 [0x0000022b2c5ee6e0+0x0000000000000174]
j  sun.rmi.transport.tcp.TCPTransport$1.newThread(Ljava/lang/Runnable;)Ljava/lang/Thread;+12 java.rmi@21.0.9
j  java.util.concurrent.ThreadPoolExecutor$Worker.<init>(Ljava/util/concurrent/ThreadPoolExecutor;Ljava/lang/Runnable;)V+25 java.base@21.0.9
j  java.util.concurrent.ThreadPoolExecutor.addWorker(Ljava/lang/Runnable;Z)Z+114 java.base@21.0.9
j  java.util.concurrent.ThreadPoolExecutor.processWorkerExit(Ljava/util/concurrent/ThreadPoolExecutor$Worker;Z)V+133 java.base@21.0.9
j  java.util.concurrent.ThreadPoolExecutor.runWorker(Ljava/util/concurrent/ThreadPoolExecutor$Worker;)V+180 java.base@21.0.9
j  java.util.concurrent.ThreadPoolExecutor$Worker.run()V+5 java.base@21.0.9
j  java.lang.Thread.runWith(Ljava/lang/Object;Ljava/lang/Runnable;)V+5 java.base@21.0.9
j  java.lang.Thread.run()V+19 java.base@21.0.9
v  ~StubRoutines::call_stub 0x0000022b338c100d
native method entry point (kind = native)  [0x0000022b338cc940, 0x0000022b338cd398]  2648 bytes
[MachCode]
  0x0000022b338cc940: 488b 4b08 | 0fb7 492e | 584c 8d74 | ccf8 6800 | 0000 0068 | 0000 0000 | 5055 488b | ec41 5568 
  0x0000022b338cc960: 0000 0000 | 4c8b 6b08 | 4d8d 6d38 | 5348 8b53 | 0848 8b52 | 0848 8b52 | 1848 8b52 | 7048 8b12 
  0x0000022b338cc980: 5248 8b53 | 1048 85d2 | 0f84 0700 | 0000 4881 | c208 0100 | 0052 488b | 5308 488b | 5208 488b 
  0x0000022b338cc9a0: 5210 5249 | 8bc6 482b | c548 c1e8 | 0350 6800 | 0000 0068 | 0000 0000 | 4889 2424 | 41c6 8771 
  0x0000022b338cc9c0: 0400 0001 | 488b 4310 | 4885 c074 | 208b 88cc | 0000 0083 | c102 8988 | cc00 0000 | 2388 e000 
  0x0000022b338cc9e0: 0000 0f84 | fd08 0000 | e9cf 0000 | 0048 8b43 | 1848 85c0 | 0f85 b000 | 0000 e805 | 0000 00e9 
  0x0000022b338cca00: 9900 0000 | 488b d348 | 8d44 2408 | 4c89 6dc0 | 498b cfc5 | f877 4989 | afa8 0300 | 0049 8987 
  0x0000022b338cca20: 9803 0000 | 4883 ec20 | 40f6 c40f | 0f84 1900 | 0000 4883 | ec08 48b8 | b07b d098 | fc7f 0000 
  0x0000022b338cca40: ffd0 4883 | c408 e90c | 0000 0048 | b8b0 7bd0 | 98fc 7f00 | 00ff d048 | 83c4 2049 | c787 9803 
  0x0000022b338cca60: 0000 0000 | 0000 49c7 | 87a8 0300 | 0000 0000 | 0049 c787 | a003 0000 | 0000 0000 | c5f8 7749 
  0x0000022b338cca80: 837f 0800 | 0f84 0500 | 0000 e971 | 44ff ff4c | 8b6d c04c | 8b75 c84e | 8d74 f500 | c348 8b43 
  0x0000022b338ccaa0: 1848 85c0 | 0f84 1200 | 0000 8b48 | 0883 c102 | 8948 0823 | 481c 0f84 | 2908 0000 | 493b a7e0 
  0x0000022b338ccac0: 0400 000f | 8748 0000 | 0089 8424 | 00f0 ffff | 8984 2400 | e0ff ff89 | 8424 00d0 | ffff 8984 
  0x0000022b338ccae0: 2400 c0ff | ff89 8424 | 00b0 ffff | 8984 2400 | a0ff ff89 | 8424 0090 | ffff 8984 | 2400 80ff 
  0x0000022b338ccb00: ff49 3ba7 | d804 0000 | 7607 4989 | a7e0 0400 | 0041 c687 | 7104 0000 | 0049 baee | 105e 99fc 
  0x0000022b338ccb20: 7f00 0041 | 803a 000f | 843e 0000 | 0048 8b55 | e849 8bcf | 4883 ec20 | 40f6 c40f | 0f84 1900 
  0x0000022b338ccb40: 0000 4883 | ec08 48b8 | 6037 0799 | fc7f 0000 | ffd0 4883 | c408 e90c | 0000 0048 | b860 3707 
  0x0000022b338ccb60: 99fc 7f00 | 00ff d048 | 83c4 2048 | 8b5d e84c | 8b5b 0845 | 0fb7 5b2e | 41c1 e303 | 492b e348 
  0x0000022b338ccb80: 83ec 2048 | 83e4 f04c | 8b5b 784d | 85db 0f85 | ab00 0000 | e805 0000 | 00e9 9900 | 0000 488b 
  0x0000022b338ccba0: d348 8d44 | 2408 4c89 | 6dc0 498b | cfc5 f877 | 4989 afa8 | 0300 0049 | 8987 9803 | 0000 4883 
  0x0000022b338ccbc0: ec20 40f6 | c40f 0f84 | 1900 0000 | 4883 ec08 | 48b8 e0a2 | d098 fc7f | 0000 ffd0 | 4883 c408 
  0x0000022b338ccbe0: e90c 0000 | 0048 b8e0 | a2d0 98fc | 7f00 00ff | d048 83c4 | 2049 c787 | 9803 0000 | 0000 0000 
  0x0000022b338ccc00: 49c7 87a8 | 0300 0000 | 0000 0049 | c787 a003 | 0000 0000 | 0000 c5f8 | 7749 837f | 0800 0f84 
  0x0000022b338ccc20: 0500 0000 | e9d7 42ff | ff4c 8b6d | c04c 8b75 | c84e 8d74 | f500 c348 | 8b5d e84c | 8b5b 7841 
  0x0000022b338ccc40: ffd3 488b | 5de8 4889 | 4518 448b | 5b28 41f6 | c308 0f84 | 1b00 0000 | 4c8b 5b08 | 4d8b 5b08 
  0x0000022b338ccc60: 4d8b 5b18 | 4d8b 5b70 | 4d8b 1b4c | 895d 1048 | 8d55 1048 | 8b43 7049 | bac0 8b07 | 99fc 7f00 
  0x0000022b338ccc80: 0049 3bc2 | 0f85 ab00 | 0000 e805 | 0000 00e9 | 9900 0000 | 488b d348 | 8d44 2408 | 4c89 6dc0 
  0x0000022b338ccca0: 498b cfc5 | f877 4989 | afa8 0300 | 0049 8987 | 9803 0000 | 4883 ec20 | 40f6 c40f | 0f84 1900 
  0x0000022b338cccc0: 0000 4883 | ec08 48b8 | e0a2 d098 | fc7f 0000 | ffd0 4883 | c408 e90c | 0000 0048 | b8e0 a2d0 
  0x0000022b338ccce0: 98fc 7f00 | 00ff d048 | 83c4 2049 | c787 9803 | 0000 0000 | 0000 49c7 | 87a8 0300 | 0000 0000 
  0x0000022b338ccd00: 0049 c787 | a003 0000 | 0000 0000 | c5f8 7749 | 837f 0800 | 0f84 0500 | 0000 e9e1 | 41ff ff4c 
  0x0000022b338ccd20: 8b6d c04c | 8b75 c84e | 8d74 f500 | c348 8b5d | e848 8b43 | 7049 8d8f | b803 0000 | c5f8 7749 
  0x0000022b338ccd40: 89af a803 | 0000 49ba | 3ccd 8c33 | 2b02 0000 | 4d89 97a0 | 0300 0049 | 89a7 9803 | 0000 41c7 
  0x0000022b338ccd60: 8744 0400 | 0004 0000 | 00ff d0c5 | f877 4883 | ec10 c5fb | 1104 2448 | 83ec 1048 | 8904 2448 
  0x0000022b338ccd80: c744 2408 | 0000 0000 | 41c7 8744 | 0400 0005 | 0000 00f0 | 8344 24c0 | 0049 3baf | 4804 0000 
  0x0000022b338ccda0: 0f87 0e00 | 0000 4183 | bf40 0400 | 0000 0f84 | 2000 0000 | 498b cf4c | 8be4 4883 | ec20 4883 
  0x0000022b338ccdc0: e4f0 48b8 | 40ff d198 | fc7f 0000 | ffd0 498b | e44d 33e4 | 41c7 8744 | 0400 0008 | 0000 0049 
  0x0000022b338ccde0: c787 9803 | 0000 0000 | 0000 49c7 | 87a8 0300 | 0000 0000 | 0049 c787 | a003 0000 | 0000 0000 
  0x0000022b338cce00: c5f8 774d | 8b9f 2804 | 0000 41c7 | 8300 0100 | 0000 0000 | 0049 bbda | a38c 332b | 0200 004c 
  0x0000022b338cce20: 3b5d 180f | 8556 0100 | 0048 8b04 | 2448 83c4 | 1048 85c0 | 0f84 3001 | 0000 a803 | 0f85 0800 
  0x0000022b338cce40: 0000 488b | 00e9 2001 | 0000 a801 | 0f85 0900 | 0000 488b | 40fe e90f | 0100 0048 | 8b40 ff41 
  0x0000022b338cce60: 807f 4000 | 0f84 0001 | 0000 4883 | f800 0f84 | f600 0000 | 4d8b 5f28 | 4983 fb00 | 0f84 1400 
  0x0000022b338cce80: 0000 4983 | eb08 4d89 | 5f28 4d03 | 5f38 4989 | 03e9 d400 | 0000 4883 | ec70 4889 | 0424 4889 
  0x0000022b338ccea0: 4c24 0848 | 8954 2410 | 4c89 4424 | 184c 894c | 2420 4c89 | 5424 284c | 895c 2430 | c5fb 1144 
  0x0000022b338ccec0: 2440 c5fb | 114c 2448 | c5fb 1154 | 2450 c5fb | 115c 2458 | c5fb 1164 | 2460 c5fb | 116c 2468 
  0x0000022b338ccee0: 498b d748 | 8bc8 4883 | ec20 40f6 | c40f 0f84 | 1900 0000 | 4883 ec08 | 48b8 d005 | c598 fc7f 
  0x0000022b338ccf00: 0000 ffd0 | 4883 c408 | e90c 0000 | 0048 b8d0 | 05c5 98fc | 7f00 00ff | d048 83c4 | 20c5 fb10 
  0x0000022b338ccf20: 6c24 68c5 | fb10 6424 | 60c5 fb10 | 5c24 58c5 | fb10 5424 | 50c5 fb10 | 4c24 48c5 | fb10 4424 
  0x0000022b338ccf40: 404c 8b5c | 2430 4c8b | 5424 284c | 8b4c 2420 | 4c8b 4424 | 1848 8b54 | 2410 488b | 4c24 0848 
  0x0000022b338ccf60: 8b04 2448 | 83c4 70c5 | f877 4889 | 4510 4883 | ec10 4889 | 0424 48c7 | 4424 0800 | 0000 0041 
  0x0000022b338ccf80: 83bf c004 | 0000 020f | 85bf 0000 | 0048 81ec | 8000 0000 | 4889 4424 | 7848 894c | 2470 4889 
  0x0000022b338ccfa0: 5424 6848 | 895c 2460 | 4889 6c24 | 5048 8974 | 2448 4889 | 7c24 404c | 8944 2438 | 4c89 4c24 
  0x0000022b338ccfc0: 304c 8954 | 2428 4c89 | 5c24 204c | 8964 2418 | 4c89 6c24 | 104c 8974 | 2408 4c89 | 3c24 4c8b 
  0x0000022b338ccfe0: e448 83ec | 2048 83e4 | f048 b8b0 | 6e07 99fc | 7f00 00ff | d049 8be4 | 4c8b 3c24 | 4c8b 7424 
  0x0000022b338cd000: 084c 8b6c | 2410 4c8b | 6424 184c | 8b5c 2420 | 4c8b 5424 | 284c 8b4c | 2430 4c8b | 4424 3848 
  0x0000022b338cd020: 8b7c 2440 | 488b 7424 | 4848 8b6c | 2450 488b | 5c24 6048 | 8b54 2468 | 488b 4c24 | 7048 8b44 
  0x0000022b338cd040: 2478 4881 | c480 0000 | 004d 33e4 | 488b 5de8 | 4c8b 6b08 | 4d8d 6d38 | 4983 7f08 | 000f 84bb 
  0x0000022b338cd060: 0000 00e8 | 0500 0000 | e996 0000 | 0048 8d44 | 2408 4c89 | 6dc0 498b | cfc5 f877 | 4989 afa8 
  0x0000022b338cd080: 0300 0049 | 8987 9803 | 0000 4883 | ec20 40f6 | c40f 0f84 | 1900 0000 | 4883 ec08 | 48b8 90c0 
  0x0000022b338cd0a0: d098 fc7f | 0000 ffd0 | 4883 c408 | e90c 0000 | 0048 b890 | c0d0 98fc | 7f00 00ff | d048 83c4 
  0x0000022b338cd0c0: 2049 c787 | 9803 0000 | 0000 0000 | 49c7 87a8 | 0300 0000 | 0000 0049 | c787 a003 | 0000 0000 
  0x0000022b338cd0e0: 0000 c5f8 | 7749 837f | 0800 0f84 | 0500 0000 | e90b 3eff | ff4c 8b6d | c04c 8b75 | c84e 8d74 
  0x0000022b338cd100: f500 c348 | b950 e733 | 99fc 7f00 | 0048 83e4 | f048 b8b0 | f5f5 98fc | 7f00 00ff | d0f4 448b 
  0x0000022b338cd120: 5b28 41f6 | c320 0f84 | 4401 0000 | 488d 55a8 | 4c8b 5a08 | 4d85 db0f | 85bb 0000 | 00e8 0500 
  0x0000022b338cd140: 0000 e996 | 0000 0048 | 8d44 2408 | 4c89 6dc0 | 498b cfc5 | f877 4989 | afa8 0300 | 0049 8987 
  0x0000022b338cd160: 9803 0000 | 4883 ec20 | 40f6 c40f | 0f84 1900 | 0000 4883 | ec08 48b8 | c0bf d098 | fc7f 0000 
  0x0000022b338cd180: ffd0 4883 | c408 e90c | 0000 0048 | b8c0 bfd0 | 98fc 7f00 | 00ff d048 | 83c4 2049 | c787 9803 
  0x0000022b338cd1a0: 0000 0000 | 0000 49c7 | 87a8 0300 | 0000 0000 | 0049 c787 | a003 0000 | 0000 0000 | c5f8 7749 
  0x0000022b338cd1c0: 837f 0800 | 0f84 0500 | 0000 e931 | 3dff ff4c | 8b6d c04c | 8b75 c84e | 8d74 f500 | c348 b950 
  0x0000022b338cd1e0: e733 99fc | 7f00 0048 | 83e4 f048 | b8b0 f5f5 | 98fc 7f00 | 00ff d0f4 | 4c89 6dc0 | 488d 024c 
  0x0000022b338cd200: 8b4a 0848 | c742 0800 | 0000 004c | 8b00 4d85 | c00f 840b | 0000 00f0 | 4d0f b101 | 0f85 0c00 
  0x0000022b338cd220: 0000 49ff | 8f48 0500 | 00e9 3e00 | 0000 4c89 | 4a08 488b | ca48 83ec | 2040 f6c4 | 0f0f 8419 
  0x0000022b338cd240: 0000 0048 | 83ec 0848 | b8f0 92d0 | 98fc 7f00 | 00ff d048 | 83c4 08e9 | 0c00 0000 | 48b8 f092 
  0x0000022b338cd260: d098 fc7f | 0000 ffd0 | 4883 c420 | 4c8b 6dc0 | 49ba ee10 | 5e99 fc7f | 0000 4180 | 3a00 0f84 
  0x0000022b338cd280: 3e00 0000 | 488b 55e8 | 498b cf48 | 83ec 2040 | f6c4 0f0f | 8419 0000 | 0048 83ec | 0848 b860 
  0x0000022b338cd2a0: 3707 99fc | 7f00 00ff | d048 83c4 | 08e9 0c00 | 0000 48b8 | 6037 0799 | fc7f 0000 | ffd0 4883 
  0x0000022b338cd2c0: c420 488b | 0424 4883 | c410 c5fb | 1004 2448 | 83c4 104c | 8b5d 1841 | ffd3 4c8b | 5df8 c95f 
  0x0000022b338cd2e0: 498b e3ff | e7ba 0000 | 0000 e805 | 0000 00e9 | 9600 0000 | 488d 4424 | 084c 896d | c049 8bcf 
  0x0000022b338cd300: c5f8 7749 | 89af a803 | 0000 4989 | 8798 0300 | 0048 83ec | 2040 f6c4 | 0f0f 8419 | 0000 0048 
  0x0000022b338cd320: 83ec 0848 | b860 86d0 | 98fc 7f00 | 00ff d048 | 83c4 08e9 | 0c00 0000 | 48b8 6086 | d098 fc7f 
  0x0000022b338cd340: 0000 ffd0 | 4883 c420 | 49c7 8798 | 0300 0000 | 0000 0049 | c787 a803 | 0000 0000 | 0000 49c7 
  0x0000022b338cd360: 87a0 0300 | 0000 0000 | 00c5 f877 | 4983 7f08 | 000f 8405 | 0000 00e9 | 843b ffff | 4c8b 6dc0 
  0x0000022b338cd380: 4c8b 75c8 | 4e8d 74f5 | 00c3 488b | 5de8 e929 | f7ff ff0f | 1f44 0000 
[/MachCode]

Compiled method (c1) 5493452  925       3       java.security.AccessController::doPrivileged (9 bytes)
 total in heap  [0x0000022b2c5ee510,0x0000022b2c5eeb58] = 1608
 relocation     [0x0000022b2c5ee670,0x0000022b2c5ee6e0] = 112
 main code      [0x0000022b2c5ee6e0,0x0000022b2c5ee9c0] = 736
 stub code      [0x0000022b2c5ee9c0,0x0000022b2c5eea18] = 88
 metadata       [0x0000022b2c5eea18,0x0000022b2c5eea30] = 24
 scopes data    [0x0000022b2c5eea30,0x0000022b2c5eeab0] = 128
 scopes pcs     [0x0000022b2c5eeab0,0x0000022b2c5eeb40] = 144
 dependencies   [0x0000022b2c5eeb40,0x0000022b2c5eeb48] = 8
 nul chk table  [0x0000022b2c5eeb48,0x0000022b2c5eeb58] = 16

[Constant Pool (empty)]

[MachCode]
[Verified Entry Point]
  # {method} {0x0000022b40b3f940} 'doPrivileged' '(Ljava/security/PrivilegedAction;)Ljava/lang/Object;' in 'java/security/AccessController'
  # parm0:    rdx:rdx   = 'java/security/PrivilegedAction'
  #           [sp+0x70]  (sp of caller)
  0x0000022b2c5ee6e0: 8984 2400 | 80ff ff55 | 4883 ec60 | 4181 7f20 | 0200 0000 

  0x0000022b2c5ee6f4: ;   {runtime_call StubRoutines (final stubs)}
  0x0000022b2c5ee6f4: 7405 e8a5 

  0x0000022b2c5ee6f8: ;   {metadata(method data for {method} {0x0000022b40b3f940} 'doPrivileged' '(Ljava/security/PrivilegedAction;)Ljava/lang/Object;' in 'java/security/AccessController')}
  0x0000022b2c5ee6f8: 7d30 0748 | be00 b108 | 832b 0200 | 008b becc | 0000 0083 | c702 89be | cc00 0000 | 81e7 fe07 
  0x0000022b2c5ee718: 0000 85ff | 0f84 d401 | 0000 4889 

  0x0000022b2c5ee724: ;   {metadata(method data for {method} {0x0000022b40b3f940} 'doPrivileged' '(Ljava/security/PrivilegedAction;)Ljava/lang/Object;' in 'java/security/AccessController')}
  0x0000022b2c5ee724: 5424 4048 | be00 b108 | 832b 0200 | 0048 8386 | 1001 0000 | 0166 0f1f 

  0x0000022b2c5ee73c: ;   {static_call}
  0x0000022b2c5ee73c: 4400 00e8 

  0x0000022b2c5ee740: ; ImmutableOopMap {[64]=Oop }
                      ;*invokestatic getCallerClass {reexecute=0 rethrow=0 return_oop=0}
                      ; - java.security.AccessController::doPrivileged@2 (line 319)
  0x0000022b2c5ee740: 1cd1 a307 

  0x0000022b2c5ee744: ;   {other}
  0x0000022b2c5ee744: 0f1f 8400 | 3402 0000 

  0x0000022b2c5ee74c: 
[error occurred during error reporting (printing code blobs if possible), id 0xe0000001, Out of Memory Error (s\src\hotspot\share\memory\arena.cpp:168)]

---------------  P R O C E S S  ---------------

Threads class SMR info:
_java_thread_list=0x0000022b826c89d0, length=19, elements={
0x0000022b2841f200, 0x0000022b3fb24f30, 0x0000022b3fb287c0, 0x0000022b3fb2c240,
0x0000022b3fb2d440, 0x0000022b3fb34160, 0x0000022b3fb34cf0, 0x0000022b3fb323e0,
0x0000022b3fb33170, 0x0000022b3fb6b960, 0x0000022b3fd48770, 0x0000022b8229d400,
0x0000022b822b2ab0, 0x0000022b822b3120, 0x0000022b822b3ba0, 0x0000022b825f6980,
0x0000022b82555b80, 0x0000022b824e1510, 0x0000022b824e35e0
}

Java Threads: ( => current thread )
  0x0000022b2841f200 JavaThread "main"                              [_thread_blocked, id=12348, stack(0x00000083ca700000,0x00000083ca800000) (1024K)]
  0x0000022b3fb24f30 JavaThread "Common-Cleaner"             daemon [_thread_blocked, id=4008, stack(0x00000083caf00000,0x00000083cb000000) (1024K)]
  0x0000022b3fb287c0 JavaThread "Reference Handler"          daemon [_thread_blocked, id=13260, stack(0x00000083cb000000,0x00000083cb100000) (1024K)]
  0x0000022b3fb2c240 JavaThread "Finalizer"                  daemon [_thread_blocked, id=12604, stack(0x00000083cb100000,0x00000083cb200000) (1024K)]
  0x0000022b3fb2d440 JavaThread "Signal Dispatcher"          daemon [_thread_blocked, id=13268, stack(0x00000083cb200000,0x00000083cb300000) (1024K)]
  0x0000022b3fb34160 JavaThread "Attach Listener"            daemon [_thread_blocked, id=1224, stack(0x00000083cb300000,0x00000083cb400000) (1024K)]
  0x0000022b3fb34cf0 JavaThread "Service Thread"             daemon [_thread_blocked, id=14516, stack(0x00000083cb400000,0x00000083cb500000) (1024K)]
  0x0000022b3fb323e0 JavaThread "Monitor Deflation Thread"   daemon [_thread_blocked, id=21228, stack(0x00000083cb500000,0x00000083cb600000) (1024K)]
  0x0000022b3fb33170 JavaThread "C2 CompilerThread0"         daemon [_thread_blocked, id=2208, stack(0x00000083cb600000,0x00000083cb700000) (1024K)]
  0x0000022b3fb6b960 JavaThread "C1 CompilerThread0"         daemon [_thread_blocked, id=10728, stack(0x00000083cb700000,0x00000083cb800000) (1024K)]
  0x0000022b3fd48770 JavaThread "Notification Thread"        daemon [_thread_blocked, id=3876, stack(0x00000083cb900000,0x00000083cba00000) (1024K)]
  0x0000022b8229d400 JavaThread "RMI TCP Accept-46368"       daemon [_thread_in_native, id=20524, stack(0x00000083cbe00000,0x00000083cbf00000) (1024K)]
  0x0000022b822b2ab0 JavaThread "RMI TCP Accept-0"           daemon [_thread_in_native, id=8016, stack(0x00000083cbf00000,0x00000083cc000000) (1024K)]
  0x0000022b822b3120 JavaThread "RMI Reaper"                        [_thread_blocked, id=20984, stack(0x00000083cc000000,0x00000083cc100000) (1024K)]
  0x0000022b822b3ba0 JavaThread "RMI GC Daemon"              daemon [_thread_blocked, id=19508, stack(0x00000083cc100000,0x00000083cc200000) (1024K)]
=>0x0000022b825f6980 JavaThread "RMI TCP Connection(idle)"   daemon [_thread_in_vm, id=21296, stack(0x00000083cc300000,0x00000083cc400000) (1024K)]
  0x0000022b82555b80 JavaThread "RMI Scheduler(0)"           daemon [_thread_blocked, id=5768, stack(0x00000083cc400000,0x00000083cc500000) (1024K)]
  0x0000022b824e1510 JavaThread "RMI TCP Connection(4)-127.0.0.1" daemon [_thread_in_native, id=18000, stack(0x00000083cc600000,0x00000083cc700000) (1024K)]
  0x0000022b824e35e0 JavaThread "RMI RenewClean-[127.0.0.1:63008]" daemon [_thread_blocked, id=16016, stack(0x00000083cc700000,0x00000083cc800000) (1024K)]
Total: 19

Other Threads:
  0x0000022b3fb0b730 VMThread "VM Thread"                           [id=16304, stack(0x00000083cae00000,0x00000083caf00000) (1024K)]
  0x0000022b3fafe840 WatcherThread "VM Periodic Task Thread"        [id=3672, stack(0x00000083cad00000,0x00000083cae00000) (1024K)]
  0x0000022b2844ebe0 WorkerThread "GC Thread#0"                     [id=13316, stack(0x00000083ca800000,0x00000083ca900000) (1024K)]
  0x0000022b8262c1d0 WorkerThread "GC Thread#1"                     [id=1816, stack(0x00000083cc800000,0x00000083cc900000) (1024K)]
  0x0000022b82624340 WorkerThread "GC Thread#2"                     [id=20212, stack(0x00000083cc900000,0x00000083cca00000) (1024K)]
  0x0000022b8257ebc0 WorkerThread "GC Thread#3"                     [id=11872, stack(0x00000083cca00000,0x00000083ccb00000) (1024K)]
  0x0000022b82606d30 WorkerThread "GC Thread#4"                     [id=19636, stack(0x00000083ccb00000,0x00000083ccc00000) (1024K)]
  0x0000022b82585b10 WorkerThread "GC Thread#5"                     [id=20936, stack(0x00000083ccc00000,0x00000083ccd00000) (1024K)]
  0x0000022b826df1f0 WorkerThread "GC Thread#6"                     [id=20204, stack(0x00000083ccd00000,0x00000083cce00000) (1024K)]
  0x0000022b826df590 WorkerThread "GC Thread#7"                     [id=17604, stack(0x00000083cce00000,0x00000083ccf00000) (1024K)]
  0x0000022b826e0550 WorkerThread "GC Thread#8"                     [id=18160, stack(0x00000083ccf00000,0x00000083cd000000) (1024K)]
  0x0000022b826e22a0 WorkerThread "GC Thread#9"                     [id=7792, stack(0x00000083cd000000,0x00000083cd100000) (1024K)]
  0x0000022b826e1b60 WorkerThread "GC Thread#10"                    [id=19704, stack(0x00000083cd100000,0x00000083cd200000) (1024K)]
  0x0000022b826e0940 WorkerThread "GC Thread#11"                    [id=21192, stack(0x00000083cd200000,0x00000083cd300000) (1024K)]
  0x0000022b826e17c0 WorkerThread "GC Thread#12"                    [id=21368, stack(0x00000083cd300000,0x00000083cd400000) (1024K)]
  0x0000022b28455890 ConcurrentGCThread "G1 Main Marker"            [id=17212, stack(0x00000083ca900000,0x00000083caa00000) (1024K)]
  0x0000022b284562a0 WorkerThread "G1 Conc#0"                       [id=15020, stack(0x00000083caa00000,0x00000083cab00000) (1024K)]
  0x0000022b3fa51f30 ConcurrentGCThread "G1 Refine#0"               [id=18836, stack(0x00000083cab00000,0x00000083cac00000) (1024K)]
  0x0000022b3fa52750 ConcurrentGCThread "G1 Service"                [id=10232, stack(0x00000083cac00000,0x00000083cad00000) (1024K)]
Total: 19

Threads with active compile tasks:
Total: 0

VM state: not at safepoint (normal execution)

VM Mutex/Monitor currently owned by a thread: None

Heap address: 0x00000000d1200000, size: 750 MB, Compressed Oops mode: 32-bit

CDS archive(s) mapped at: [0x0000022b40000000-0x0000022b41c20000-0x0000022b41c20000), size 29491200, SharedBaseAddress: 0x0000022b40000000, ArchiveRelocationMode: 1.
Compressed class space mapped at: 0x0000022b42000000-0x0000022b82000000, reserved size: 1073741824
Narrow klass base: 0x0000022b40000000, Narrow klass shift: 0, Narrow klass range: 0x100000000

GC Precious Log:
 CardTable entry size: 512
 Card Set container configuration: InlinePtr #cards 5 size 8 Array Of Cards #cards 12 size 40 Howl #buckets 4 coarsen threshold 1843 Howl Bitmap #cards 512 size 80 coarsen threshold 460 Card regions per heap region 1 cards per card region 2048
 CPUs: 16 total, 16 available
 Memory: 15956M
 Large Page Support: Disabled
 NUMA Support: Disabled
 Compressed Oops: Enabled (32-bit)
 Heap Region Size: 1M
 Heap Min Capacity: 256M
 Heap Initial Capacity: 256M
 Heap Max Capacity: 750M
 Pre-touch: Disabled
 Parallel Workers: 13
 Concurrent Workers: 3
 Concurrent Refinement Workers: 13
 Periodic GC: Disabled

Heap:
 garbage-first heap   total 262144K, used 12697K [0x00000000d1200000, 0x0000000100000000)
  region size 1024K, 5 young (5120K), 0 survivors (0K)
 Metaspace       used 8821K, committed 9280K, reserved 1114112K
  class space    used 994K, committed 1216K, reserved 1048576K

Heap Regions: E=young(eden), S=young(survivor), O=old, HS=humongous(starts), HC=humongous(continues), CS=collection set, F=free, TAMS=top-at-mark-start, PB=parsable bottom
|   0|0x00000000d1200000, 0x00000000d1300000, 0x00000000d1300000|100%|HS|  |TAMS 0x00000000d1200000| PB 0x00000000d1200000| Untracked 
|   1|0x00000000d1300000, 0x00000000d1400000, 0x00000000d1400000|100%|HS|  |TAMS 0x00000000d1300000| PB 0x00000000d1300000| Untracked 
|   2|0x00000000d1400000, 0x00000000d1500000, 0x00000000d1500000|100%| O|  |TAMS 0x00000000d1400000| PB 0x00000000d1400000| Untracked 
|   3|0x00000000d1500000, 0x00000000d15ffff8, 0x00000000d1600000| 99%| O|  |TAMS 0x00000000d1500000| PB 0x00000000d1500000| Untracked 
|   4|0x00000000d1600000, 0x00000000d16595a8, 0x00000000d1700000| 34%| O|  |TAMS 0x00000000d1600000| PB 0x00000000d1600000| Untracked 
|   5|0x00000000d1700000, 0x00000000d173d798, 0x00000000d1800000| 24%| O|  |TAMS 0x00000000d1700000| PB 0x00000000d1700000| Untracked 
|   6|0x00000000d1800000, 0x00000000d184f430, 0x00000000d1900000| 30%| O|  |TAMS 0x00000000d1800000| PB 0x00000000d1800000| Untracked 
|   7|0x00000000d1900000, 0x00000000d19379b0, 0x00000000d1a00000| 21%| O|  |TAMS 0x00000000d1900000| PB 0x00000000d1900000| Untracked 
|   8|0x00000000d1a00000, 0x00000000d1affff0, 0x00000000d1b00000| 99%| O|  |TAMS 0x00000000d1a00000| PB 0x00000000d1a00000| Untracked 
|   9|0x00000000d1b00000, 0x00000000d1beebb0, 0x00000000d1c00000| 93%| O|  |TAMS 0x00000000d1b00000| PB 0x00000000d1b00000| Untracked 
|  10|0x00000000d1c00000, 0x00000000d1c00000, 0x00000000d1d00000|  0%| F|  |TAMS 0x00000000d1c00000| PB 0x00000000d1c00000| Untracked 
|  11|0x00000000d1d00000, 0x00000000d1d00000, 0x00000000d1e00000|  0%| F|  |TAMS 0x00000000d1d00000| PB 0x00000000d1d00000| Untracked 
|  12|0x00000000d1e00000, 0x00000000d1e00000, 0x00000000d1f00000|  0%| F|  |TAMS 0x00000000d1e00000| PB 0x00000000d1e00000| Untracked 
|  13|0x00000000d1f00000, 0x00000000d1f00000, 0x00000000d2000000|  0%| F|  |TAMS 0x00000000d1f00000| PB 0x00000000d1f00000| Untracked 
|  14|0x00000000d2000000, 0x00000000d2059ed0, 0x00000000d2100000| 35%| O|  |TAMS 0x00000000d2000000| PB 0x00000000d2000000| Untracked 
|  15|0x00000000d2100000, 0x00000000d2100000, 0x00000000d2200000|  0%| F|  |TAMS 0x00000000d2100000| PB 0x00000000d2100000| Untracked 
|  16|0x00000000d2200000, 0x00000000d2200000, 0x00000000d2300000|  0%| F|  |TAMS 0x00000000d2200000| PB 0x00000000d2200000| Untracked 
|  17|0x00000000d2300000, 0x00000000d2300000, 0x00000000d2400000|  0%| F|  |TAMS 0x00000000d2300000| PB 0x00000000d2300000| Untracked 
|  18|0x00000000d2400000, 0x00000000d2400000, 0x00000000d2500000|  0%| F|  |TAMS 0x00000000d2400000| PB 0x00000000d2400000| Untracked 
|  19|0x00000000d2500000, 0x00000000d2500000, 0x00000000d2600000|  0%| F|  |TAMS 0x00000000d2500000| PB 0x00000000d2500000| Untracked 
|  20|0x00000000d2600000, 0x00000000d2600000, 0x00000000d2700000|  0%| F|  |TAMS 0x00000000d2600000| PB 0x00000000d2600000| Untracked 
|  21|0x00000000d2700000, 0x00000000d2700000, 0x00000000d2800000|  0%| F|  |TAMS 0x00000000d2700000| PB 0x00000000d2700000| Untracked 
|  22|0x00000000d2800000, 0x00000000d2800000, 0x00000000d2900000|  0%| F|  |TAMS 0x00000000d2800000| PB 0x00000000d2800000| Untracked 
|  23|0x00000000d2900000, 0x00000000d2900000, 0x00000000d2a00000|  0%| F|  |TAMS 0x00000000d2900000| PB 0x00000000d2900000| Untracked 
|  24|0x00000000d2a00000, 0x00000000d2a00000, 0x00000000d2b00000|  0%| F|  |TAMS 0x00000000d2a00000| PB 0x00000000d2a00000| Untracked 
|  25|0x00000000d2b00000, 0x00000000d2b00000, 0x00000000d2c00000|  0%| F|  |TAMS 0x00000000d2b00000| PB 0x00000000d2b00000| Untracked 
|  26|0x00000000d2c00000, 0x00000000d2c00000, 0x00000000d2d00000|  0%| F|  |TAMS 0x00000000d2c00000| PB 0x00000000d2c00000| Untracked 
|  27|0x00000000d2d00000, 0x00000000d2d00000, 0x00000000d2e00000|  0%| F|  |TAMS 0x00000000d2d00000| PB 0x00000000d2d00000| Untracked 
|  28|0x00000000d2e00000, 0x00000000d2e00000, 0x00000000d2f00000|  0%| F|  |TAMS 0x00000000d2e00000| PB 0x00000000d2e00000| Untracked 
|  29|0x00000000d2f00000, 0x00000000d2f00000, 0x00000000d3000000|  0%| F|  |TAMS 0x00000000d2f00000| PB 0x00000000d2f00000| Untracked 
|  30|0x00000000d3000000, 0x00000000d3000000, 0x00000000d3100000|  0%| F|  |TAMS 0x00000000d3000000| PB 0x00000000d3000000| Untracked 
|  31|0x00000000d3100000, 0x00000000d3100000, 0x00000000d3200000|  0%| F|  |TAMS 0x00000000d3100000| PB 0x00000000d3100000| Untracked 
|  32|0x00000000d3200000, 0x00000000d3200000, 0x00000000d3300000|  0%| F|  |TAMS 0x00000000d3200000| PB 0x00000000d3200000| Untracked 
|  33|0x00000000d3300000, 0x00000000d3300000, 0x00000000d3400000|  0%| F|  |TAMS 0x00000000d3300000| PB 0x00000000d3300000| Untracked 
|  34|0x00000000d3400000, 0x00000000d3400000, 0x00000000d3500000|  0%| F|  |TAMS 0x00000000d3400000| PB 0x00000000d3400000| Untracked 
|  35|0x00000000d3500000, 0x00000000d3500000, 0x00000000d3600000|  0%| F|  |TAMS 0x00000000d3500000| PB 0x00000000d3500000| Untracked 
|  36|0x00000000d3600000, 0x00000000d3600000, 0x00000000d3700000|  0%| F|  |TAMS 0x00000000d3600000| PB 0x00000000d3600000| Untracked 
|  37|0x00000000d3700000, 0x00000000d3700000, 0x00000000d3800000|  0%| F|  |TAMS 0x00000000d3700000| PB 0x00000000d3700000| Untracked 
|  38|0x00000000d3800000, 0x00000000d3800000, 0x00000000d3900000|  0%| F|  |TAMS 0x00000000d3800000| PB 0x00000000d3800000| Untracked 
|  39|0x00000000d3900000, 0x00000000d3900000, 0x00000000d3a00000|  0%| F|  |TAMS 0x00000000d3900000| PB 0x00000000d3900000| Untracked 
|  40|0x00000000d3a00000, 0x00000000d3a00000, 0x00000000d3b00000|  0%| F|  |TAMS 0x00000000d3a00000| PB 0x00000000d3a00000| Untracked 
|  41|0x00000000d3b00000, 0x00000000d3b00000, 0x00000000d3c00000|  0%| F|  |TAMS 0x00000000d3b00000| PB 0x00000000d3b00000| Untracked 
|  42|0x00000000d3c00000, 0x00000000d3c00000, 0x00000000d3d00000|  0%| F|  |TAMS 0x00000000d3c00000| PB 0x00000000d3c00000| Untracked 
|  43|0x00000000d3d00000, 0x00000000d3d00000, 0x00000000d3e00000|  0%| F|  |TAMS 0x00000000d3d00000| PB 0x00000000d3d00000| Untracked 
|  44|0x00000000d3e00000, 0x00000000d3e00000, 0x00000000d3f00000|  0%| F|  |TAMS 0x00000000d3e00000| PB 0x00000000d3e00000| Untracked 
|  45|0x00000000d3f00000, 0x00000000d3f00000, 0x00000000d4000000|  0%| F|  |TAMS 0x00000000d3f00000| PB 0x00000000d3f00000| Untracked 
|  46|0x00000000d4000000, 0x00000000d4000000, 0x00000000d4100000|  0%| F|  |TAMS 0x00000000d4000000| PB 0x00000000d4000000| Untracked 
|  47|0x00000000d4100000, 0x00000000d4100000, 0x00000000d4200000|  0%| F|  |TAMS 0x00000000d4100000| PB 0x00000000d4100000| Untracked 
|  48|0x00000000d4200000, 0x00000000d4200000, 0x00000000d4300000|  0%| F|  |TAMS 0x00000000d4200000| PB 0x00000000d4200000| Untracked 
|  49|0x00000000d4300000, 0x00000000d4300000, 0x00000000d4400000|  0%| F|  |TAMS 0x00000000d4300000| PB 0x00000000d4300000| Untracked 
|  50|0x00000000d4400000, 0x00000000d4400000, 0x00000000d4500000|  0%| F|  |TAMS 0x00000000d4400000| PB 0x00000000d4400000| Untracked 
|  51|0x00000000d4500000, 0x00000000d4500000, 0x00000000d4600000|  0%| F|  |TAMS 0x00000000d4500000| PB 0x00000000d4500000| Untracked 
|  52|0x00000000d4600000, 0x00000000d4600000, 0x00000000d4700000|  0%| F|  |TAMS 0x00000000d4600000| PB 0x00000000d4600000| Untracked 
|  53|0x00000000d4700000, 0x00000000d4700000, 0x00000000d4800000|  0%| F|  |TAMS 0x00000000d4700000| PB 0x00000000d4700000| Untracked 
|  54|0x00000000d4800000, 0x00000000d4800000, 0x00000000d4900000|  0%| F|  |TAMS 0x00000000d4800000| PB 0x00000000d4800000| Untracked 
|  55|0x00000000d4900000, 0x00000000d4900000, 0x00000000d4a00000|  0%| F|  |TAMS 0x00000000d4900000| PB 0x00000000d4900000| Untracked 
|  56|0x00000000d4a00000, 0x00000000d4a00000, 0x00000000d4b00000|  0%| F|  |TAMS 0x00000000d4a00000| PB 0x00000000d4a00000| Untracked 
|  57|0x00000000d4b00000, 0x00000000d4b00000, 0x00000000d4c00000|  0%| F|  |TAMS 0x00000000d4b00000| PB 0x00000000d4b00000| Untracked 
|  58|0x00000000d4c00000, 0x00000000d4c00000, 0x00000000d4d00000|  0%| F|  |TAMS 0x00000000d4c00000| PB 0x00000000d4c00000| Untracked 
|  59|0x00000000d4d00000, 0x00000000d4d00000, 0x00000000d4e00000|  0%| F|  |TAMS 0x00000000d4d00000| PB 0x00000000d4d00000| Untracked 
|  60|0x00000000d4e00000, 0x00000000d4e00000, 0x00000000d4f00000|  0%| F|  |TAMS 0x00000000d4e00000| PB 0x00000000d4e00000| Untracked 
|  61|0x00000000d4f00000, 0x00000000d4f00000, 0x00000000d5000000|  0%| F|  |TAMS 0x00000000d4f00000| PB 0x00000000d4f00000| Untracked 
|  62|0x00000000d5000000, 0x00000000d5000000, 0x00000000d5100000|  0%| F|  |TAMS 0x00000000d5000000| PB 0x00000000d5000000| Untracked 
|  63|0x00000000d5100000, 0x00000000d5100000, 0x00000000d5200000|  0%| F|  |TAMS 0x00000000d5100000| PB 0x00000000d5100000| Untracked 
|  64|0x00000000d5200000, 0x00000000d5200000, 0x00000000d5300000|  0%| F|  |TAMS 0x00000000d5200000| PB 0x00000000d5200000| Untracked 
|  65|0x00000000d5300000, 0x00000000d5300000, 0x00000000d5400000|  0%| F|  |TAMS 0x00000000d5300000| PB 0x00000000d5300000| Untracked 
|  66|0x00000000d5400000, 0x00000000d5400000, 0x00000000d5500000|  0%| F|  |TAMS 0x00000000d5400000| PB 0x00000000d5400000| Untracked 
|  67|0x00000000d5500000, 0x00000000d5500000, 0x00000000d5600000|  0%| F|  |TAMS 0x00000000d5500000| PB 0x00000000d5500000| Untracked 
|  68|0x00000000d5600000, 0x00000000d5600000, 0x00000000d5700000|  0%| F|  |TAMS 0x00000000d5600000| PB 0x00000000d5600000| Untracked 
|  69|0x00000000d5700000, 0x00000000d5700000, 0x00000000d5800000|  0%| F|  |TAMS 0x00000000d5700000| PB 0x00000000d5700000| Untracked 
|  70|0x00000000d5800000, 0x00000000d5800000, 0x00000000d5900000|  0%| F|  |TAMS 0x00000000d5800000| PB 0x00000000d5800000| Untracked 
|  71|0x00000000d5900000, 0x00000000d5900000, 0x00000000d5a00000|  0%| F|  |TAMS 0x00000000d5900000| PB 0x00000000d5900000| Untracked 
|  72|0x00000000d5a00000, 0x00000000d5a00000, 0x00000000d5b00000|  0%| F|  |TAMS 0x00000000d5a00000| PB 0x00000000d5a00000| Untracked 
|  73|0x00000000d5b00000, 0x00000000d5b00000, 0x00000000d5c00000|  0%| F|  |TAMS 0x00000000d5b00000| PB 0x00000000d5b00000| Untracked 
|  74|0x00000000d5c00000, 0x00000000d5c00000, 0x00000000d5d00000|  0%| F|  |TAMS 0x00000000d5c00000| PB 0x00000000d5c00000| Untracked 
|  75|0x00000000d5d00000, 0x00000000d5d00000, 0x00000000d5e00000|  0%| F|  |TAMS 0x00000000d5d00000| PB 0x00000000d5d00000| Untracked 
|  76|0x00000000d5e00000, 0x00000000d5e00000, 0x00000000d5f00000|  0%| F|  |TAMS 0x00000000d5e00000| PB 0x00000000d5e00000| Untracked 
|  77|0x00000000d5f00000, 0x00000000d5f00000, 0x00000000d6000000|  0%| F|  |TAMS 0x00000000d5f00000| PB 0x00000000d5f00000| Untracked 
|  78|0x00000000d6000000, 0x00000000d6000000, 0x00000000d6100000|  0%| F|  |TAMS 0x00000000d6000000| PB 0x00000000d6000000| Untracked 
|  79|0x00000000d6100000, 0x00000000d6100000, 0x00000000d6200000|  0%| F|  |TAMS 0x00000000d6100000| PB 0x00000000d6100000| Untracked 
|  80|0x00000000d6200000, 0x00000000d6200000, 0x00000000d6300000|  0%| F|  |TAMS 0x00000000d6200000| PB 0x00000000d6200000| Untracked 
|  81|0x00000000d6300000, 0x00000000d6300000, 0x00000000d6400000|  0%| F|  |TAMS 0x00000000d6300000| PB 0x00000000d6300000| Untracked 
|  82|0x00000000d6400000, 0x00000000d6400000, 0x00000000d6500000|  0%| F|  |TAMS 0x00000000d6400000| PB 0x00000000d6400000| Untracked 
|  83|0x00000000d6500000, 0x00000000d6500000, 0x00000000d6600000|  0%| F|  |TAMS 0x00000000d6500000| PB 0x00000000d6500000| Untracked 
|  84|0x00000000d6600000, 0x00000000d6600000, 0x00000000d6700000|  0%| F|  |TAMS 0x00000000d6600000| PB 0x00000000d6600000| Untracked 
|  85|0x00000000d6700000, 0x00000000d6700000, 0x00000000d6800000|  0%| F|  |TAMS 0x00000000d6700000| PB 0x00000000d6700000| Untracked 
|  86|0x00000000d6800000, 0x00000000d6800000, 0x00000000d6900000|  0%| F|  |TAMS 0x00000000d6800000| PB 0x00000000d6800000| Untracked 
|  87|0x00000000d6900000, 0x00000000d6900000, 0x00000000d6a00000|  0%| F|  |TAMS 0x00000000d6900000| PB 0x00000000d6900000| Untracked 
|  88|0x00000000d6a00000, 0x00000000d6a00000, 0x00000000d6b00000|  0%| F|  |TAMS 0x00000000d6a00000| PB 0x00000000d6a00000| Untracked 
|  89|0x00000000d6b00000, 0x00000000d6b00000, 0x00000000d6c00000|  0%| F|  |TAMS 0x00000000d6b00000| PB 0x00000000d6b00000| Untracked 
|  90|0x00000000d6c00000, 0x00000000d6c00000, 0x00000000d6d00000|  0%| F|  |TAMS 0x00000000d6c00000| PB 0x00000000d6c00000| Untracked 
|  91|0x00000000d6d00000, 0x00000000d6d00000, 0x00000000d6e00000|  0%| F|  |TAMS 0x00000000d6d00000| PB 0x00000000d6d00000| Untracked 
|  92|0x00000000d6e00000, 0x00000000d6e00000, 0x00000000d6f00000|  0%| F|  |TAMS 0x00000000d6e00000| PB 0x00000000d6e00000| Untracked 
|  93|0x00000000d6f00000, 0x00000000d6f00000, 0x00000000d7000000|  0%| F|  |TAMS 0x00000000d6f00000| PB 0x00000000d6f00000| Untracked 
|  94|0x00000000d7000000, 0x00000000d7000000, 0x00000000d7100000|  0%| F|  |TAMS 0x00000000d7000000| PB 0x00000000d7000000| Untracked 
|  95|0x00000000d7100000, 0x00000000d7100000, 0x00000000d7200000|  0%| F|  |TAMS 0x00000000d7100000| PB 0x00000000d7100000| Untracked 
|  96|0x00000000d7200000, 0x00000000d7200000, 0x00000000d7300000|  0%| F|  |TAMS 0x00000000d7200000| PB 0x00000000d7200000| Untracked 
|  97|0x00000000d7300000, 0x00000000d7300000, 0x00000000d7400000|  0%| F|  |TAMS 0x00000000d7300000| PB 0x00000000d7300000| Untracked 
|  98|0x00000000d7400000, 0x00000000d7400000, 0x00000000d7500000|  0%| F|  |TAMS 0x00000000d7400000| PB 0x00000000d7400000| Untracked 
|  99|0x00000000d7500000, 0x00000000d7500000, 0x00000000d7600000|  0%| F|  |TAMS 0x00000000d7500000| PB 0x00000000d7500000| Untracked 
| 100|0x00000000d7600000, 0x00000000d7600000, 0x00000000d7700000|  0%| F|  |TAMS 0x00000000d7600000| PB 0x00000000d7600000| Untracked 
| 101|0x00000000d7700000, 0x00000000d7700000, 0x00000000d7800000|  0%| F|  |TAMS 0x00000000d7700000| PB 0x00000000d7700000| Untracked 
| 102|0x00000000d7800000, 0x00000000d7800000, 0x00000000d7900000|  0%| F|  |TAMS 0x00000000d7800000| PB 0x00000000d7800000| Untracked 
| 103|0x00000000d7900000, 0x00000000d7900000, 0x00000000d7a00000|  0%| F|  |TAMS 0x00000000d7900000| PB 0x00000000d7900000| Untracked 
| 104|0x00000000d7a00000, 0x00000000d7a00000, 0x00000000d7b00000|  0%| F|  |TAMS 0x00000000d7a00000| PB 0x00000000d7a00000| Untracked 
| 105|0x00000000d7b00000, 0x00000000d7b00000, 0x00000000d7c00000|  0%| F|  |TAMS 0x00000000d7b00000| PB 0x00000000d7b00000| Untracked 
| 106|0x00000000d7c00000, 0x00000000d7c00000, 0x00000000d7d00000|  0%| F|  |TAMS 0x00000000d7c00000| PB 0x00000000d7c00000| Untracked 
| 107|0x00000000d7d00000, 0x00000000d7d00000, 0x00000000d7e00000|  0%| F|  |TAMS 0x00000000d7d00000| PB 0x00000000d7d00000| Untracked 
| 108|0x00000000d7e00000, 0x00000000d7e00000, 0x00000000d7f00000|  0%| F|  |TAMS 0x00000000d7e00000| PB 0x00000000d7e00000| Untracked 
| 109|0x00000000d7f00000, 0x00000000d7f00000, 0x00000000d8000000|  0%| F|  |TAMS 0x00000000d7f00000| PB 0x00000000d7f00000| Untracked 
| 110|0x00000000d8000000, 0x00000000d8000000, 0x00000000d8100000|  0%| F|  |TAMS 0x00000000d8000000| PB 0x00000000d8000000| Untracked 
| 111|0x00000000d8100000, 0x00000000d8100000, 0x00000000d8200000|  0%| F|  |TAMS 0x00000000d8100000| PB 0x00000000d8100000| Untracked 
| 112|0x00000000d8200000, 0x00000000d8200000, 0x00000000d8300000|  0%| F|  |TAMS 0x00000000d8200000| PB 0x00000000d8200000| Untracked 
| 113|0x00000000d8300000, 0x00000000d8300000, 0x00000000d8400000|  0%| F|  |TAMS 0x00000000d8300000| PB 0x00000000d8300000| Untracked 
| 114|0x00000000d8400000, 0x00000000d8400000, 0x00000000d8500000|  0%| F|  |TAMS 0x00000000d8400000| PB 0x00000000d8400000| Untracked 
| 115|0x00000000d8500000, 0x00000000d8500000, 0x00000000d8600000|  0%| F|  |TAMS 0x00000000d8500000| PB 0x00000000d8500000| Untracked 
| 116|0x00000000d8600000, 0x00000000d8600000, 0x00000000d8700000|  0%| F|  |TAMS 0x00000000d8600000| PB 0x00000000d8600000| Untracked 
| 117|0x00000000d8700000, 0x00000000d8700000, 0x00000000d8800000|  0%| F|  |TAMS 0x00000000d8700000| PB 0x00000000d8700000| Untracked 
| 118|0x00000000d8800000, 0x00000000d8800000, 0x00000000d8900000|  0%| F|  |TAMS 0x00000000d8800000| PB 0x00000000d8800000| Untracked 
| 119|0x00000000d8900000, 0x00000000d8900000, 0x00000000d8a00000|  0%| F|  |TAMS 0x00000000d8900000| PB 0x00000000d8900000| Untracked 
| 120|0x00000000d8a00000, 0x00000000d8a00000, 0x00000000d8b00000|  0%| F|  |TAMS 0x00000000d8a00000| PB 0x00000000d8a00000| Untracked 
| 121|0x00000000d8b00000, 0x00000000d8b00000, 0x00000000d8c00000|  0%| F|  |TAMS 0x00000000d8b00000| PB 0x00000000d8b00000| Untracked 
| 122|0x00000000d8c00000, 0x00000000d8c00000, 0x00000000d8d00000|  0%| F|  |TAMS 0x00000000d8c00000| PB 0x00000000d8c00000| Untracked 
| 123|0x00000000d8d00000, 0x00000000d8d00000, 0x00000000d8e00000|  0%| F|  |TAMS 0x00000000d8d00000| PB 0x00000000d8d00000| Untracked 
| 124|0x00000000d8e00000, 0x00000000d8e00000, 0x00000000d8f00000|  0%| F|  |TAMS 0x00000000d8e00000| PB 0x00000000d8e00000| Untracked 
| 125|0x00000000d8f00000, 0x00000000d8f00000, 0x00000000d9000000|  0%| F|  |TAMS 0x00000000d8f00000| PB 0x00000000d8f00000| Untracked 
| 126|0x00000000d9000000, 0x00000000d9000000, 0x00000000d9100000|  0%| F|  |TAMS 0x00000000d9000000| PB 0x00000000d9000000| Untracked 
| 127|0x00000000d9100000, 0x00000000d9100000, 0x00000000d9200000|  0%| F|  |TAMS 0x00000000d9100000| PB 0x00000000d9100000| Untracked 
| 128|0x00000000d9200000, 0x00000000d9200000, 0x00000000d9300000|  0%| F|  |TAMS 0x00000000d9200000| PB 0x00000000d9200000| Untracked 
| 129|0x00000000d9300000, 0x00000000d9300000, 0x00000000d9400000|  0%| F|  |TAMS 0x00000000d9300000| PB 0x00000000d9300000| Untracked 
| 130|0x00000000d9400000, 0x00000000d9400000, 0x00000000d9500000|  0%| F|  |TAMS 0x00000000d9400000| PB 0x00000000d9400000| Untracked 
| 131|0x00000000d9500000, 0x00000000d9500000, 0x00000000d9600000|  0%| F|  |TAMS 0x00000000d9500000| PB 0x00000000d9500000| Untracked 
| 132|0x00000000d9600000, 0x00000000d9600000, 0x00000000d9700000|  0%| F|  |TAMS 0x00000000d9600000| PB 0x00000000d9600000| Untracked 
| 133|0x00000000d9700000, 0x00000000d9700000, 0x00000000d9800000|  0%| F|  |TAMS 0x00000000d9700000| PB 0x00000000d9700000| Untracked 
| 134|0x00000000d9800000, 0x00000000d9800000, 0x00000000d9900000|  0%| F|  |TAMS 0x00000000d9800000| PB 0x00000000d9800000| Untracked 
| 135|0x00000000d9900000, 0x00000000d9900000, 0x00000000d9a00000|  0%| F|  |TAMS 0x00000000d9900000| PB 0x00000000d9900000| Untracked 
| 136|0x00000000d9a00000, 0x00000000d9a00000, 0x00000000d9b00000|  0%| F|  |TAMS 0x00000000d9a00000| PB 0x00000000d9a00000| Untracked 
| 137|0x00000000d9b00000, 0x00000000d9b00000, 0x00000000d9c00000|  0%| F|  |TAMS 0x00000000d9b00000| PB 0x00000000d9b00000| Untracked 
| 138|0x00000000d9c00000, 0x00000000d9c00000, 0x00000000d9d00000|  0%| F|  |TAMS 0x00000000d9c00000| PB 0x00000000d9c00000| Untracked 
| 139|0x00000000d9d00000, 0x00000000d9d00000, 0x00000000d9e00000|  0%| F|  |TAMS 0x00000000d9d00000| PB 0x00000000d9d00000| Untracked 
| 140|0x00000000d9e00000, 0x00000000d9e00000, 0x00000000d9f00000|  0%| F|  |TAMS 0x00000000d9e00000| PB 0x00000000d9e00000| Untracked 
| 141|0x00000000d9f00000, 0x00000000d9f00000, 0x00000000da000000|  0%| F|  |TAMS 0x00000000d9f00000| PB 0x00000000d9f00000| Untracked 
| 142|0x00000000da000000, 0x00000000da000000, 0x00000000da100000|  0%| F|  |TAMS 0x00000000da000000| PB 0x00000000da000000| Untracked 
| 143|0x00000000da100000, 0x00000000da100000, 0x00000000da200000|  0%| F|  |TAMS 0x00000000da100000| PB 0x00000000da100000| Untracked 
| 144|0x00000000da200000, 0x00000000da200000, 0x00000000da300000|  0%| F|  |TAMS 0x00000000da200000| PB 0x00000000da200000| Untracked 
| 145|0x00000000da300000, 0x00000000da300000, 0x00000000da400000|  0%| F|  |TAMS 0x00000000da300000| PB 0x00000000da300000| Untracked 
| 146|0x00000000da400000, 0x00000000da400000, 0x00000000da500000|  0%| F|  |TAMS 0x00000000da400000| PB 0x00000000da400000| Untracked 
| 147|0x00000000da500000, 0x00000000da500000, 0x00000000da600000|  0%| F|  |TAMS 0x00000000da500000| PB 0x00000000da500000| Untracked 
| 148|0x00000000da600000, 0x00000000da600000, 0x00000000da700000|  0%| F|  |TAMS 0x00000000da600000| PB 0x00000000da600000| Untracked 
| 149|0x00000000da700000, 0x00000000da700000, 0x00000000da800000|  0%| F|  |TAMS 0x00000000da700000| PB 0x00000000da700000| Untracked 
| 150|0x00000000da800000, 0x00000000da800000, 0x00000000da900000|  0%| F|  |TAMS 0x00000000da800000| PB 0x00000000da800000| Untracked 
| 151|0x00000000da900000, 0x00000000da900000, 0x00000000daa00000|  0%| F|  |TAMS 0x00000000da900000| PB 0x00000000da900000| Untracked 
| 152|0x00000000daa00000, 0x00000000daa00000, 0x00000000dab00000|  0%| F|  |TAMS 0x00000000daa00000| PB 0x00000000daa00000| Untracked 
| 153|0x00000000dab00000, 0x00000000dab00000, 0x00000000dac00000|  0%| F|  |TAMS 0x00000000dab00000| PB 0x00000000dab00000| Untracked 
| 154|0x00000000dac00000, 0x00000000dac00000, 0x00000000dad00000|  0%| F|  |TAMS 0x00000000dac00000| PB 0x00000000dac00000| Untracked 
| 155|0x00000000dad00000, 0x00000000dad00000, 0x00000000dae00000|  0%| F|  |TAMS 0x00000000dad00000| PB 0x00000000dad00000| Untracked 
| 156|0x00000000dae00000, 0x00000000dae00000, 0x00000000daf00000|  0%| F|  |TAMS 0x00000000dae00000| PB 0x00000000dae00000| Untracked 
| 157|0x00000000daf00000, 0x00000000daf00000, 0x00000000db000000|  0%| F|  |TAMS 0x00000000daf00000| PB 0x00000000daf00000| Untracked 
| 158|0x00000000db000000, 0x00000000db000000, 0x00000000db100000|  0%| F|  |TAMS 0x00000000db000000| PB 0x00000000db000000| Untracked 
| 159|0x00000000db100000, 0x00000000db100000, 0x00000000db200000|  0%| F|  |TAMS 0x00000000db100000| PB 0x00000000db100000| Untracked 
| 160|0x00000000db200000, 0x00000000db200000, 0x00000000db300000|  0%| F|  |TAMS 0x00000000db200000| PB 0x00000000db200000| Untracked 
| 161|0x00000000db300000, 0x00000000db300000, 0x00000000db400000|  0%| F|  |TAMS 0x00000000db300000| PB 0x00000000db300000| Untracked 
| 162|0x00000000db400000, 0x00000000db400000, 0x00000000db500000|  0%| F|  |TAMS 0x00000000db400000| PB 0x00000000db400000| Untracked 
| 163|0x00000000db500000, 0x00000000db500000, 0x00000000db600000|  0%| F|  |TAMS 0x00000000db500000| PB 0x00000000db500000| Untracked 
| 164|0x00000000db600000, 0x00000000db600000, 0x00000000db700000|  0%| F|  |TAMS 0x00000000db600000| PB 0x00000000db600000| Untracked 
| 165|0x00000000db700000, 0x00000000db700000, 0x00000000db800000|  0%| F|  |TAMS 0x00000000db700000| PB 0x00000000db700000| Untracked 
| 166|0x00000000db800000, 0x00000000db800000, 0x00000000db900000|  0%| F|  |TAMS 0x00000000db800000| PB 0x00000000db800000| Untracked 
| 167|0x00000000db900000, 0x00000000db900000, 0x00000000dba00000|  0%| F|  |TAMS 0x00000000db900000| PB 0x00000000db900000| Untracked 
| 168|0x00000000dba00000, 0x00000000dba00000, 0x00000000dbb00000|  0%| F|  |TAMS 0x00000000dba00000| PB 0x00000000dba00000| Untracked 
| 169|0x00000000dbb00000, 0x00000000dbb00000, 0x00000000dbc00000|  0%| F|  |TAMS 0x00000000dbb00000| PB 0x00000000dbb00000| Untracked 
| 170|0x00000000dbc00000, 0x00000000dbc00000, 0x00000000dbd00000|  0%| F|  |TAMS 0x00000000dbc00000| PB 0x00000000dbc00000| Untracked 
| 171|0x00000000dbd00000, 0x00000000dbd00000, 0x00000000dbe00000|  0%| F|  |TAMS 0x00000000dbd00000| PB 0x00000000dbd00000| Untracked 
| 172|0x00000000dbe00000, 0x00000000dbe00000, 0x00000000dbf00000|  0%| F|  |TAMS 0x00000000dbe00000| PB 0x00000000dbe00000| Untracked 
| 173|0x00000000dbf00000, 0x00000000dbf00000, 0x00000000dc000000|  0%| F|  |TAMS 0x00000000dbf00000| PB 0x00000000dbf00000| Untracked 
| 174|0x00000000dc000000, 0x00000000dc000000, 0x00000000dc100000|  0%| F|  |TAMS 0x00000000dc000000| PB 0x00000000dc000000| Untracked 
| 175|0x00000000dc100000, 0x00000000dc100000, 0x00000000dc200000|  0%| F|  |TAMS 0x00000000dc100000| PB 0x00000000dc100000| Untracked 
| 176|0x00000000dc200000, 0x00000000dc200000, 0x00000000dc300000|  0%| F|  |TAMS 0x00000000dc200000| PB 0x00000000dc200000| Untracked 
| 177|0x00000000dc300000, 0x00000000dc300000, 0x00000000dc400000|  0%| F|  |TAMS 0x00000000dc300000| PB 0x00000000dc300000| Untracked 
| 178|0x00000000dc400000, 0x00000000dc400000, 0x00000000dc500000|  0%| F|  |TAMS 0x00000000dc400000| PB 0x00000000dc400000| Untracked 
| 179|0x00000000dc500000, 0x00000000dc500000, 0x00000000dc600000|  0%| F|  |TAMS 0x00000000dc500000| PB 0x00000000dc500000| Untracked 
| 180|0x00000000dc600000, 0x00000000dc600000, 0x00000000dc700000|  0%| F|  |TAMS 0x00000000dc600000| PB 0x00000000dc600000| Untracked 
| 181|0x00000000dc700000, 0x00000000dc700000, 0x00000000dc800000|  0%| F|  |TAMS 0x00000000dc700000| PB 0x00000000dc700000| Untracked 
| 182|0x00000000dc800000, 0x00000000dc800000, 0x00000000dc900000|  0%| F|  |TAMS 0x00000000dc800000| PB 0x00000000dc800000| Untracked 
| 183|0x00000000dc900000, 0x00000000dc900000, 0x00000000dca00000|  0%| F|  |TAMS 0x00000000dc900000| PB 0x00000000dc900000| Untracked 
| 184|0x00000000dca00000, 0x00000000dca00000, 0x00000000dcb00000|  0%| F|  |TAMS 0x00000000dca00000| PB 0x00000000dca00000| Untracked 
| 185|0x00000000dcb00000, 0x00000000dcb00000, 0x00000000dcc00000|  0%| F|  |TAMS 0x00000000dcb00000| PB 0x00000000dcb00000| Untracked 
| 186|0x00000000dcc00000, 0x00000000dcc00000, 0x00000000dcd00000|  0%| F|  |TAMS 0x00000000dcc00000| PB 0x00000000dcc00000| Untracked 
| 187|0x00000000dcd00000, 0x00000000dcd00000, 0x00000000dce00000|  0%| F|  |TAMS 0x00000000dcd00000| PB 0x00000000dcd00000| Untracked 
| 188|0x00000000dce00000, 0x00000000dce00000, 0x00000000dcf00000|  0%| F|  |TAMS 0x00000000dce00000| PB 0x00000000dce00000| Untracked 
| 189|0x00000000dcf00000, 0x00000000dcf00000, 0x00000000dd000000|  0%| F|  |TAMS 0x00000000dcf00000| PB 0x00000000dcf00000| Untracked 
| 190|0x00000000dd000000, 0x00000000dd000000, 0x00000000dd100000|  0%| F|  |TAMS 0x00000000dd000000| PB 0x00000000dd000000| Untracked 
| 191|0x00000000dd100000, 0x00000000dd100000, 0x00000000dd200000|  0%| F|  |TAMS 0x00000000dd100000| PB 0x00000000dd100000| Untracked 
| 192|0x00000000dd200000, 0x00000000dd200000, 0x00000000dd300000|  0%| F|  |TAMS 0x00000000dd200000| PB 0x00000000dd200000| Untracked 
| 193|0x00000000dd300000, 0x00000000dd300000, 0x00000000dd400000|  0%| F|  |TAMS 0x00000000dd300000| PB 0x00000000dd300000| Untracked 
| 194|0x00000000dd400000, 0x00000000dd400000, 0x00000000dd500000|  0%| F|  |TAMS 0x00000000dd400000| PB 0x00000000dd400000| Untracked 
| 195|0x00000000dd500000, 0x00000000dd500000, 0x00000000dd600000|  0%| F|  |TAMS 0x00000000dd500000| PB 0x00000000dd500000| Untracked 
| 196|0x00000000dd600000, 0x00000000dd600000, 0x00000000dd700000|  0%| F|  |TAMS 0x00000000dd600000| PB 0x00000000dd600000| Untracked 
| 197|0x00000000dd700000, 0x00000000dd700000, 0x00000000dd800000|  0%| F|  |TAMS 0x00000000dd700000| PB 0x00000000dd700000| Untracked 
| 198|0x00000000dd800000, 0x00000000dd800000, 0x00000000dd900000|  0%| F|  |TAMS 0x00000000dd800000| PB 0x00000000dd800000| Untracked 
| 199|0x00000000dd900000, 0x00000000dd900000, 0x00000000dda00000|  0%| F|  |TAMS 0x00000000dd900000| PB 0x00000000dd900000| Untracked 
| 200|0x00000000dda00000, 0x00000000dda00000, 0x00000000ddb00000|  0%| F|  |TAMS 0x00000000dda00000| PB 0x00000000dda00000| Untracked 
| 201|0x00000000ddb00000, 0x00000000ddb00000, 0x00000000ddc00000|  0%| F|  |TAMS 0x00000000ddb00000| PB 0x00000000ddb00000| Untracked 
| 202|0x00000000ddc00000, 0x00000000ddc00000, 0x00000000ddd00000|  0%| F|  |TAMS 0x00000000ddc00000| PB 0x00000000ddc00000| Untracked 
| 203|0x00000000ddd00000, 0x00000000ddd00000, 0x00000000dde00000|  0%| F|  |TAMS 0x00000000ddd00000| PB 0x00000000ddd00000| Untracked 
| 204|0x00000000dde00000, 0x00000000dde00000, 0x00000000ddf00000|  0%| F|  |TAMS 0x00000000dde00000| PB 0x00000000dde00000| Untracked 
| 205|0x00000000ddf00000, 0x00000000ddf00000, 0x00000000de000000|  0%| F|  |TAMS 0x00000000ddf00000| PB 0x00000000ddf00000| Untracked 
| 206|0x00000000de000000, 0x00000000de000000, 0x00000000de100000|  0%| F|  |TAMS 0x00000000de000000| PB 0x00000000de000000| Untracked 
| 207|0x00000000de100000, 0x00000000de100000, 0x00000000de200000|  0%| F|  |TAMS 0x00000000de100000| PB 0x00000000de100000| Untracked 
| 208|0x00000000de200000, 0x00000000de200000, 0x00000000de300000|  0%| F|  |TAMS 0x00000000de200000| PB 0x00000000de200000| Untracked 
| 209|0x00000000de300000, 0x00000000de300000, 0x00000000de400000|  0%| F|  |TAMS 0x00000000de300000| PB 0x00000000de300000| Untracked 
| 210|0x00000000de400000, 0x00000000de400000, 0x00000000de500000|  0%| F|  |TAMS 0x00000000de400000| PB 0x00000000de400000| Untracked 
| 211|0x00000000de500000, 0x00000000de500000, 0x00000000de600000|  0%| F|  |TAMS 0x00000000de500000| PB 0x00000000de500000| Untracked 
| 212|0x00000000de600000, 0x00000000de600000, 0x00000000de700000|  0%| F|  |TAMS 0x00000000de600000| PB 0x00000000de600000| Untracked 
| 213|0x00000000de700000, 0x00000000de700000, 0x00000000de800000|  0%| F|  |TAMS 0x00000000de700000| PB 0x00000000de700000| Untracked 
| 214|0x00000000de800000, 0x00000000de800000, 0x00000000de900000|  0%| F|  |TAMS 0x00000000de800000| PB 0x00000000de800000| Untracked 
| 215|0x00000000de900000, 0x00000000de900000, 0x00000000dea00000|  0%| F|  |TAMS 0x00000000de900000| PB 0x00000000de900000| Untracked 
| 216|0x00000000dea00000, 0x00000000dea00000, 0x00000000deb00000|  0%| F|  |TAMS 0x00000000dea00000| PB 0x00000000dea00000| Untracked 
| 217|0x00000000deb00000, 0x00000000deb00000, 0x00000000dec00000|  0%| F|  |TAMS 0x00000000deb00000| PB 0x00000000deb00000| Untracked 
| 218|0x00000000dec00000, 0x00000000dec00000, 0x00000000ded00000|  0%| F|  |TAMS 0x00000000dec00000| PB 0x00000000dec00000| Untracked 
| 219|0x00000000ded00000, 0x00000000ded00000, 0x00000000dee00000|  0%| F|  |TAMS 0x00000000ded00000| PB 0x00000000ded00000| Untracked 
| 220|0x00000000dee00000, 0x00000000dee00000, 0x00000000def00000|  0%| F|  |TAMS 0x00000000dee00000| PB 0x00000000dee00000| Untracked 
| 221|0x00000000def00000, 0x00000000def00000, 0x00000000df000000|  0%| F|  |TAMS 0x00000000def00000| PB 0x00000000def00000| Untracked 
| 222|0x00000000df000000, 0x00000000df000000, 0x00000000df100000|  0%| F|  |TAMS 0x00000000df000000| PB 0x00000000df000000| Untracked 
| 223|0x00000000df100000, 0x00000000df100000, 0x00000000df200000|  0%| F|  |TAMS 0x00000000df100000| PB 0x00000000df100000| Untracked 
| 224|0x00000000df200000, 0x00000000df200000, 0x00000000df300000|  0%| F|  |TAMS 0x00000000df200000| PB 0x00000000df200000| Untracked 
| 225|0x00000000df300000, 0x00000000df300000, 0x00000000df400000|  0%| F|  |TAMS 0x00000000df300000| PB 0x00000000df300000| Untracked 
| 226|0x00000000df400000, 0x00000000df400000, 0x00000000df500000|  0%| F|  |TAMS 0x00000000df400000| PB 0x00000000df400000| Untracked 
| 227|0x00000000df500000, 0x00000000df500000, 0x00000000df600000|  0%| F|  |TAMS 0x00000000df500000| PB 0x00000000df500000| Untracked 
| 228|0x00000000df600000, 0x00000000df600000, 0x00000000df700000|  0%| F|  |TAMS 0x00000000df600000| PB 0x00000000df600000| Untracked 
| 229|0x00000000df700000, 0x00000000df700000, 0x00000000df800000|  0%| F|  |TAMS 0x00000000df700000| PB 0x00000000df700000| Untracked 
| 230|0x00000000df800000, 0x00000000df900000, 0x00000000df900000|100%| O|  |TAMS 0x00000000df800000| PB 0x00000000df800000| Untracked 
| 231|0x00000000df900000, 0x00000000df900000, 0x00000000dfa00000|  0%| F|  |TAMS 0x00000000df900000| PB 0x00000000df900000| Untracked 
| 232|0x00000000dfa00000, 0x00000000dfa00000, 0x00000000dfb00000|  0%| F|  |TAMS 0x00000000dfa00000| PB 0x00000000dfa00000| Untracked 
| 233|0x00000000dfb00000, 0x00000000dfb00000, 0x00000000dfc00000|  0%| F|  |TAMS 0x00000000dfb00000| PB 0x00000000dfb00000| Untracked 
| 234|0x00000000dfc00000, 0x00000000dfc00000, 0x00000000dfd00000|  0%| F|  |TAMS 0x00000000dfc00000| PB 0x00000000dfc00000| Untracked 
| 235|0x00000000dfd00000, 0x00000000dfd00000, 0x00000000dfe00000|  0%| F|  |TAMS 0x00000000dfd00000| PB 0x00000000dfd00000| Untracked 
| 236|0x00000000dfe00000, 0x00000000dfe00000, 0x00000000dff00000|  0%| F|  |TAMS 0x00000000dfe00000| PB 0x00000000dfe00000| Untracked 
| 237|0x00000000dff00000, 0x00000000dff00000, 0x00000000e0000000|  0%| F|  |TAMS 0x00000000dff00000| PB 0x00000000dff00000| Untracked 
| 238|0x00000000e0000000, 0x00000000e0000000, 0x00000000e0100000|  0%| F|  |TAMS 0x00000000e0000000| PB 0x00000000e0000000| Untracked 
| 239|0x00000000e0100000, 0x00000000e0100000, 0x00000000e0200000|  0%| F|  |TAMS 0x00000000e0100000| PB 0x00000000e0100000| Untracked 
| 240|0x00000000e0200000, 0x00000000e0200000, 0x00000000e0300000|  0%| F|  |TAMS 0x00000000e0200000| PB 0x00000000e0200000| Untracked 
| 241|0x00000000e0300000, 0x00000000e0300000, 0x00000000e0400000|  0%| F|  |TAMS 0x00000000e0300000| PB 0x00000000e0300000| Untracked 
| 242|0x00000000e0400000, 0x00000000e0400000, 0x00000000e0500000|  0%| F|  |TAMS 0x00000000e0400000| PB 0x00000000e0400000| Untracked 
| 243|0x00000000e0500000, 0x00000000e0500000, 0x00000000e0600000|  0%| F|  |TAMS 0x00000000e0500000| PB 0x00000000e0500000| Untracked 
| 244|0x00000000e0600000, 0x00000000e0600000, 0x00000000e0700000|  0%| F|  |TAMS 0x00000000e0600000| PB 0x00000000e0600000| Untracked 
| 245|0x00000000e0700000, 0x00000000e0700000, 0x00000000e0800000|  0%| F|  |TAMS 0x00000000e0700000| PB 0x00000000e0700000| Untracked 
| 246|0x00000000e0800000, 0x00000000e0800000, 0x00000000e0900000|  0%| F|  |TAMS 0x00000000e0800000| PB 0x00000000e0800000| Untracked 
| 247|0x00000000e0900000, 0x00000000e0900000, 0x00000000e0a00000|  0%| F|  |TAMS 0x00000000e0900000| PB 0x00000000e0900000| Untracked 
| 248|0x00000000e0a00000, 0x00000000e0a00000, 0x00000000e0b00000|  0%| F|  |TAMS 0x00000000e0a00000| PB 0x00000000e0a00000| Untracked 
| 249|0x00000000e0b00000, 0x00000000e0b00000, 0x00000000e0c00000|  0%| F|  |TAMS 0x00000000e0b00000| PB 0x00000000e0b00000| Untracked 
| 250|0x00000000e0c00000, 0x00000000e0c00000, 0x00000000e0d00000|  0%| F|  |TAMS 0x00000000e0c00000| PB 0x00000000e0c00000| Untracked 
| 251|0x00000000e0d00000, 0x00000000e0da47d0, 0x00000000e0e00000| 64%| E|  |TAMS 0x00000000e0d00000| PB 0x00000000e0d00000| Complete 
| 252|0x00000000e0e00000, 0x00000000e0f00000, 0x00000000e0f00000|100%| E|CS|TAMS 0x00000000e0e00000| PB 0x00000000e0e00000| Complete 
| 253|0x00000000e0f00000, 0x00000000e1000000, 0x00000000e1000000|100%| E|CS|TAMS 0x00000000e0f00000| PB 0x00000000e0f00000| Complete 
| 254|0x00000000e1000000, 0x00000000e1100000, 0x00000000e1100000|100%| E|CS|TAMS 0x00000000e1000000| PB 0x00000000e1000000| Complete 
| 255|0x00000000e1100000, 0x00000000e1200000, 0x00000000e1200000|100%| E|CS|TAMS 0x00000000e1100000| PB 0x00000000e1100000| Complete 

Card table byte_map: [0x0000022b3be70000,0x0000022b3bff0000] _byte_map_base: 0x0000022b3b7e7000

Marking Bits: (CMBitMap*) 0x0000022b2844f1f0
 Bits: [0x0000022b3bff0000, 0x0000022b3cba8000)

Polling page: 0x0000022b26450000

Metaspace:

Usage:
  Non-class:      7.64 MB used.
      Class:    994.57 KB used.
       Both:      8.61 MB used.

Virtual space:
  Non-class space:       64.00 MB reserved,       7.88 MB ( 12%) committed,  1 nodes.
      Class space:        1.00 GB reserved,       1.19 MB ( <1%) committed,  1 nodes.
             Both:        1.06 GB reserved,       9.06 MB ( <1%) committed. 

Chunk freelists:
   Non-Class:  7.26 MB
       Class:  14.65 MB
        Both:  21.91 MB

MaxMetaspaceSize: unlimited
CompressedClassSpaceSize: 1.00 GB
Initial GC threshold: 21.00 MB
Current GC threshold: 21.00 MB
CDS: on
 - commit_granule_bytes: 65536.
 - commit_granule_words: 8192.
 - virtual_space_node_default_size: 8388608.
 - enlarge_chunks_in_place: 1.
 - use_allocation_guard: 0.


Internal statistics:

num_allocs_failed_limit: 0.
num_arena_births: 502.
num_arena_deaths: 42.
num_vsnodes_births: 2.
num_vsnodes_deaths: 0.
num_space_committed: 145.
num_space_uncommitted: 0.
num_chunks_returned_to_freelist: 54.
num_chunks_taken_from_freelist: 865.
num_chunk_merges: 1.
num_chunk_splits: 533.
num_chunks_enlarged: 247.
num_inconsistent_stats: 0.

CodeHeap 'non-profiled nmethods': size=119168Kb used=960Kb max_used=960Kb free=118207Kb
 bounds [0x0000022b34010000, 0x0000022b34280000, 0x0000022b3b470000]
CodeHeap 'profiled nmethods': size=119104Kb used=5341Kb max_used=5341Kb free=113763Kb
 bounds [0x0000022b2c470000, 0x0000022b2c9b0000, 0x0000022b338c0000]
CodeHeap 'non-nmethods': size=7488Kb used=1365Kb max_used=3074Kb free=6122Kb
 bounds [0x0000022b338c0000, 0x0000022b33bd0000, 0x0000022b34010000]
CodeCache: size=245760Kb, used=7666Kb, max_used=9375Kb, free=238092Kb
 total_blobs=3171, nmethods=2645, adapters=430, full_count=0
Compilation: enabled, stopped_count=0, restarted_count=0

Compilation events (20 events):
Event: 4964.996 Thread 0x0000022b3fb33170 2636       4       java.lang.Long::hashCode (8 bytes)
Event: 4964.997 Thread 0x0000022b3fb33170 nmethod 2636 0x0000022b340ee090 code [0x0000022b340ee200, 0x0000022b340ee278]
Event: 4967.676 Thread 0x0000022b3fb33170 2637       4       java.util.concurrent.ScheduledThreadPoolExecutor$ScheduledFutureTask::compareTo (101 bytes)
Event: 4967.681 Thread 0x0000022b3fb33170 nmethod 2637 0x0000022b340ee390 code [0x0000022b340ee520, 0x0000022b340ee660]
Event: 4981.027 Thread 0x0000022b3fb6b960 2639       3       java.util.concurrent.locks.AbstractQueuedSynchronizer$ConditionObject::await (202 bytes)
Event: 4981.032 Thread 0x0000022b3fb6b960 nmethod 2639 0x0000022b2c9a4e90 code [0x0000022b2c9a5180, 0x0000022b2c9a5fb0]
Event: 4981.032 Thread 0x0000022b3fb6b960 2638       3       java.lang.ref.ReferenceQueue::await (15 bytes)
Event: 4981.032 Thread 0x0000022b3fb6b960 nmethod 2638 0x0000022b2c9a6590 code [0x0000022b2c9a6740, 0x0000022b2c9a68e0]
Event: 5028.090 Thread 0x0000022b3fb33170 2640       4       java.util.Arrays::rangeCheck (74 bytes)
Event: 5028.093 Thread 0x0000022b3fb33170 nmethod 2640 0x0000022b340ee790 code [0x0000022b340ee920, 0x0000022b340ee9e8]
Event: 5041.972 Thread 0x0000022b3fb6b960 2641   !   3       java.lang.Object::wait (50 bytes)
Event: 5041.972 Thread 0x0000022b3fb6b960 nmethod 2641 0x0000022b2c9a6a10 code [0x0000022b2c9a6c20, 0x0000022b2c9a7188]
Event: 5100.167 Thread 0x0000022b3fb33170 2642       4       java.io.DataOutputStream::<init> (19 bytes)
Event: 5100.175 Thread 0x0000022b3fb33170 nmethod 2642 0x0000022b340eea90 code [0x0000022b340eec40, 0x0000022b340ef0b8]
Event: 5100.508 Thread 0x0000022b3fb33170 2643       4       jdk.internal.util.ByteArray::setLong (10 bytes)
Event: 5100.510 Thread 0x0000022b3fb33170 nmethod 2643 0x0000022b340ef210 code [0x0000022b340ef3a0, 0x0000022b340ef480]
Event: 5388.530 Thread 0x0000022b3fb33170 2644       4       java.io.ObjectOutputStream$BlockDataOutputStream::writeLong (48 bytes)
Event: 5388.543 Thread 0x0000022b3fb33170 nmethod 2644 0x0000022b340ef610 code [0x0000022b340ef7a0, 0x0000022b340ef8d0]
Event: 5415.547 Thread 0x0000022b3fb33170 2645   !   4       java.io.ObjectOutputStream::writeObject0 (620 bytes)
Event: 5415.828 Thread 0x0000022b3fb33170 nmethod 2645 0x0000022b340efa90 code [0x0000022b340f0480, 0x0000022b340f9988]

GC Heap History (4 events):
Event: 0.421 GC heap before
{Heap before GC invocations=0 (full 0):
 garbage-first heap   total 262144K, used 25600K [0x00000000d1200000, 0x0000000100000000)
  region size 1024K, 23 young (23552K), 0 survivors (0K)
 Metaspace       used 5291K, committed 5632K, reserved 1114112K
  class space    used 722K, committed 896K, reserved 1048576K
}
Event: 0.427 GC heap after
{Heap after GC invocations=1 (full 0):
 garbage-first heap   total 262144K, used 6985K [0x00000000d1200000, 0x0000000100000000)
  region size 1024K, 3 young (3072K), 3 survivors (3072K)
 Metaspace       used 5291K, committed 5632K, reserved 1114112K
  class space    used 722K, committed 896K, reserved 1048576K
}
Event: 3600.027 GC heap before
{Heap before GC invocations=1 (full 0):
 garbage-first heap   total 262144K, used 27465K [0x00000000d1200000, 0x0000000100000000)
  region size 1024K, 24 young (24576K), 3 survivors (3072K)
 Metaspace       used 8859K, committed 9280K, reserved 1114112K
  class space    used 1006K, committed 1216K, reserved 1048576K
}
Event: 3600.096 GC heap after
{Heap after GC invocations=2 (full 1):
 garbage-first heap   total 262144K, used 8601K [0x00000000d1200000, 0x0000000100000000)
  region size 1024K, 0 young (0K), 0 survivors (0K)
 Metaspace       used 8810K, committed 9280K, reserved 1114112K
  class space    used 994K, committed 1216K, reserved 1048576K
}

Dll operation events (2 events):
Event: 0.006 Loaded shared library C:\Program Files\JetBrains\DataGrip 2025.3.4\jbr\bin\java.dll
Event: 0.072 Loaded shared library C:\Program Files\JetBrains\DataGrip 2025.3.4\jbr\bin\zip.dll

Deoptimization events (20 events):
Event: 0.690 Thread 0x0000022b824e1510 Uncommon trap: trap_request=0xffffffc6 fr.pc=0x0000022b3409af9c relative=0x0000000000000c1c
Event: 0.690 Thread 0x0000022b824e1510 Uncommon trap: reason=bimorphic_or_optimized_type_check action=maybe_recompile pc=0x0000022b3409af9c method=java.util.HashMap.putVal(ILjava/lang/Object;Ljava/lang/Object;ZZ)Ljava/lang/Object; @ 56 c2
Event: 0.690 Thread 0x0000022b824e1510 DEOPT PACKING pc=0x0000022b3409af9c sp=0x00000083cc6fe720
Event: 0.690 Thread 0x0000022b824e1510 DEOPT UNPACKING pc=0x0000022b33914422 sp=0x00000083cc6fe6b8 mode 2
Event: 0.690 Thread 0x0000022b824e1510 Uncommon trap: trap_request=0xffffffc6 fr.pc=0x0000022b3409af9c relative=0x0000000000000c1c
Event: 0.690 Thread 0x0000022b824e1510 Uncommon trap: reason=bimorphic_or_optimized_type_check action=maybe_recompile pc=0x0000022b3409af9c method=java.util.HashMap.putVal(ILjava/lang/Object;Ljava/lang/Object;ZZ)Ljava/lang/Object; @ 56 c2
Event: 0.690 Thread 0x0000022b824e1510 DEOPT PACKING pc=0x0000022b3409af9c sp=0x00000083cc6fe720
Event: 0.690 Thread 0x0000022b824e1510 DEOPT UNPACKING pc=0x0000022b33914422 sp=0x00000083cc6fe6b8 mode 2
Event: 0.690 Thread 0x0000022b824e1510 Uncommon trap: trap_request=0xffffffc6 fr.pc=0x0000022b3409af9c relative=0x0000000000000c1c
Event: 0.690 Thread 0x0000022b824e1510 Uncommon trap: reason=bimorphic_or_optimized_type_check action=maybe_recompile pc=0x0000022b3409af9c method=java.util.HashMap.putVal(ILjava/lang/Object;Ljava/lang/Object;ZZ)Ljava/lang/Object; @ 56 c2
Event: 0.690 Thread 0x0000022b824e1510 DEOPT PACKING pc=0x0000022b3409af9c sp=0x00000083cc6fe720
Event: 0.690 Thread 0x0000022b824e1510 DEOPT UNPACKING pc=0x0000022b33914422 sp=0x00000083cc6fe6b8 mode 2
Event: 17.385 Thread 0x0000022b824e07f0 Uncommon trap: trap_request=0xffffff45 fr.pc=0x0000022b34039de8 relative=0x0000000000000188
Event: 17.385 Thread 0x0000022b824e07f0 Uncommon trap: reason=unstable_if action=reinterpret pc=0x0000022b34039de8 method=java.util.concurrent.ConcurrentHashMap.addCount(JI)V @ 34 c2
Event: 17.385 Thread 0x0000022b824e07f0 DEOPT PACKING pc=0x0000022b34039de8 sp=0x00000083cbbfefa0
Event: 17.385 Thread 0x0000022b824e07f0 DEOPT UNPACKING pc=0x0000022b33914422 sp=0x00000083cbbfeee0 mode 2
Event: 300.361 Thread 0x0000022b824e35e0 Uncommon trap: trap_request=0xffffff45 fr.pc=0x0000022b340c9600 relative=0x0000000000000140
Event: 300.361 Thread 0x0000022b824e35e0 Uncommon trap: reason=unstable_if action=reinterpret pc=0x0000022b340c9600 method=java.lang.ThreadLocal.get(Ljava/lang/Thread;)Ljava/lang/Object; @ 7 c2
Event: 300.361 Thread 0x0000022b824e35e0 DEOPT PACKING pc=0x0000022b340c9600 sp=0x00000083cc7fed00
Event: 300.361 Thread 0x0000022b824e35e0 DEOPT UNPACKING pc=0x0000022b33914422 sp=0x00000083cc7fec98 mode 2

Classes loaded (20 events):
Event: 0.486 Loading class java/util/spi/ResourceBundleProvider
Event: 0.486 Loading class java/util/spi/ResourceBundleProvider done
Event: 0.486 Loading class sun/util/resources/LocaleData$LocaleDataResourceBundleProvider done
Event: 0.486 Loading class sun/util/resources/LocaleData$CommonResourceBundleProvider done
Event: 0.486 Loading class sun/util/resources/Bundles$2
Event: 0.486 Loading class sun/util/resources/Bundles$2 done
Event: 0.521 Loading class java/util/SimpleTimeZone
Event: 0.522 Loading class java/util/SimpleTimeZone done
Event: 0.523 Loading class java/time/LocalDateTime$1
Event: 0.523 Loading class java/time/LocalDateTime$1 done
Event: 0.523 Loading class java/time/chrono/IsoEra
Event: 0.523 Loading class java/time/chrono/Era
Event: 0.523 Loading class java/time/chrono/Era done
Event: 0.523 Loading class java/time/chrono/IsoEra done
Event: 0.598 Loading class java/lang/invoke/BoundMethodHandle$Species_LI
Event: 0.598 Loading class java/lang/invoke/BoundMethodHandle$Species_LI done
Event: 5493.380 Loading class sun/net/ConnectionResetException
Event: 5493.388 Loading class sun/net/ConnectionResetException done
Event: 5493.389 Loading class sun/net/ConnectionResetException
Event: 5493.390 Loading class sun/net/ConnectionResetException done

Classes unloaded (20 events):
Event: 3600.052 Thread 0x0000022b3fb0b730 Unloading class 0x0000022b420a5000 'jdk/internal/reflect/GeneratedSerializationConstructorAccessor14'
Event: 3600.052 Thread 0x0000022b3fb0b730 Unloading class 0x0000022b420a4800 'jdk/internal/reflect/GeneratedSerializationConstructorAccessor11'
Event: 3600.053 Thread 0x0000022b3fb0b730 Unloading class 0x0000022b420a4000 'jdk/internal/reflect/GeneratedSerializationConstructorAccessor9'
Event: 3600.053 Thread 0x0000022b3fb0b730 Unloading class 0x0000022b420a3800 'java/lang/invoke/LambdaForm$MH+0x0000022b420a3800'
Event: 3600.053 Thread 0x0000022b3fb0b730 Unloading class 0x0000022b420a3000 'java/lang/invoke/LambdaForm$MH+0x0000022b420a3000'
Event: 3600.053 Thread 0x0000022b3fb0b730 Unloading class 0x0000022b420a2800 'java/lang/invoke/LambdaForm$MH+0x0000022b420a2800'
Event: 3600.053 Thread 0x0000022b3fb0b730 Unloading class 0x0000022b420a2000 'java/lang/invoke/LambdaForm$DMH+0x0000022b420a2000'
Event: 3600.053 Thread 0x0000022b3fb0b730 Unloading class 0x0000022b420a1c00 'jdk/internal/reflect/GeneratedSerializationConstructorAccessor8'
Event: 3600.053 Thread 0x0000022b3fb0b730 Unloading class 0x0000022b420a1400 'jdk/internal/reflect/GeneratedSerializationConstructorAccessor5'
Event: 3600.053 Thread 0x0000022b3fb0b730 Unloading class 0x0000022b420a0000 'jdk/internal/reflect/GeneratedSerializationConstructorAccessor2'
Event: 3600.053 Thread 0x0000022b3fb0b730 Unloading class 0x0000022b4209fc00 'java/lang/invoke/LambdaForm$MH+0x0000022b4209fc00'
Event: 3600.053 Thread 0x0000022b3fb0b730 Unloading class 0x0000022b4209f400 'java/lang/invoke/LambdaForm$DMH+0x0000022b4209f400'
Event: 3600.053 Thread 0x0000022b3fb0b730 Unloading class 0x0000022b4209e800 'java/lang/invoke/LambdaForm$MH+0x0000022b4209e800'
Event: 3600.053 Thread 0x0000022b3fb0b730 Unloading class 0x0000022b4209d800 'java/lang/invoke/LambdaForm$MH+0x0000022b4209d800'
Event: 3600.053 Thread 0x0000022b3fb0b730 Unloading class 0x0000022b4209d400 'java/lang/invoke/LambdaForm$MH+0x0000022b4209d400'
Event: 3600.053 Thread 0x0000022b3fb0b730 Unloading class 0x0000022b4209c800 'java/lang/invoke/LambdaForm$MH+0x0000022b4209c800'
Event: 3600.053 Thread 0x0000022b3fb0b730 Unloading class 0x0000022b4209bc00 'java/lang/invoke/LambdaForm$MH+0x0000022b4209bc00'
Event: 3600.053 Thread 0x0000022b3fb0b730 Unloading class 0x0000022b4209b400 'java/lang/invoke/LambdaForm$MH+0x0000022b4209b400'
Event: 3600.053 Thread 0x0000022b3fb0b730 Unloading class 0x0000022b4209ac00 'java/lang/invoke/LambdaForm$MH+0x0000022b4209ac00'
Event: 3600.053 Thread 0x0000022b3fb0b730 Unloading class 0x0000022b4209a400 'java/lang/invoke/LambdaForm$MH+0x0000022b4209a400'

Classes redefined (0 events):
No events

Internal exceptions (20 events):
Event: 0.420 Thread 0x0000022b824e1510 Exception <a 'java/lang/NoSuchMethodError'{0x00000000dfbf06d8}: method resolution failed> (0x00000000dfbf06d8) 
thrown [s\src\hotspot\share\prims\methodHandles.cpp, line 1136]
Event: 0.421 Thread 0x0000022b824e1510 Exception <a 'java/lang/NoSuchMethodError'{0x00000000dfbfa610}: 'java.lang.Object java.lang.invoke.Invokers$Holder.invokeExact_MT(java.lang.Object, java.lang.Object, java.lang.Object, java.lang.Object, java.lang.Object)'> (0x00000000dfbfa610) 
thrown [s\src\hotspot\share\interpreter\linkResolver.cpp, line 784]
Event: 0.437 Thread 0x0000022b824e1510 Exception <a 'java/lang/NoSuchMethodError'{0x00000000e117b110}: 'java.lang.Object java.lang.invoke.DirectMethodHandle$Holder.invokeVirtual(java.lang.Object, java.lang.Object, java.lang.Object, java.lang.Object)'> (0x00000000e117b110) 
thrown [s\src\hotspot\share\interpreter\linkResolver.cpp, line 784]
Event: 0.438 Thread 0x0000022b824e1510 Exception <a 'java/lang/NoSuchMethodError'{0x00000000e11e9538}: 'void java.lang.invoke.DirectMethodHandle$Holder.invokeStatic(java.lang.Object, java.lang.Object, java.lang.Object, java.lang.Object)'> (0x00000000e11e9538) 
thrown [s\src\hotspot\share\interpreter\linkResolver.cpp, line 784]
Event: 0.447 Thread 0x0000022b824e1510 Exception <a 'java/lang/IncompatibleClassChangeError'{0x00000000e1059560}: Found class java.lang.Object, but interface was expected> (0x00000000e1059560) 
thrown [s\src\hotspot\share\interpreter\linkResolver.cpp, line 851]
Event: 0.546 Thread 0x0000022b824e1510 Exception <a 'java/lang/NoSuchMethodError'{0x00000000e0b1b038}: 'java.lang.Object java.lang.invoke.DirectMethodHandle$Holder.newInvokeSpecial(java.lang.Object, java.lang.Object, int)'> (0x00000000e0b1b038) 
thrown [s\src\hotspot\share\interpreter\linkResolver.cpp, line 784]
Event: 0.568 Thread 0x0000022b824e1510 Exception <a 'java/lang/NoSuchMethodError'{0x00000000e0a951b8}: 'void java.lang.invoke.DirectMethodHandle$Holder.invokeInterface(java.lang.Object, java.lang.Object, java.lang.Object, java.lang.Object)'> (0x00000000e0a951b8) 
thrown [s\src\hotspot\share\interpreter\linkResolver.cpp, line 784]
Event: 0.568 Thread 0x0000022b824e1510 Exception <a 'java/lang/NoSuchMethodError'{0x00000000e0a98e18}: 'void java.lang.invoke.DirectMethodHandle$Holder.invokeSpecial(java.lang.Object, java.lang.Object, java.lang.Object, java.lang.Object, java.lang.Object)'> (0x00000000e0a98e18) 
thrown [s\src\hotspot\share\interpreter\linkResolver.cpp, line 784]
Event: 0.597 Thread 0x0000022b824e1510 Exception <a 'java/lang/NoSuchMethodError'{0x00000000e0830e08}: 'int java.lang.invoke.DirectMethodHandle$Holder.invokeInterface(java.lang.Object, java.lang.Object, int)'> (0x00000000e0830e08) 
thrown [s\src\hotspot\share\interpreter\linkResolver.cpp, line 784]
Event: 0.598 Thread 0x0000022b824e1510 Exception <a 'java/lang/NoSuchMethodError'{0x00000000e08355c0}: 'int java.lang.invoke.DirectMethodHandle$Holder.invokeSpecial(java.lang.Object, java.lang.Object, java.lang.Object, int)'> (0x00000000e08355c0) 
thrown [s\src\hotspot\share\interpreter\linkResolver.cpp, line 784]
Event: 0.598 Thread 0x0000022b824e1510 Exception <a 'java/lang/NoSuchMethodError'{0x00000000e0847b00}: 'java.lang.Object java.lang.invoke.DirectMethodHandle$Holder.invokeStatic(java.lang.Object, java.lang.Object, java.lang.Object, java.lang.Object, int)'> (0x00000000e0847b00) 
thrown [s\src\hotspot\share\interpreter\linkResolver.cpp, line 784]
Event: 0.606 Thread 0x0000022b824e1510 Exception <a 'java/lang/NoSuchMethodError'{0x00000000e08729b8}: 'void java.lang.invoke.DirectMethodHandle$Holder.invokeInterface(java.lang.Object, java.lang.Object, int)'> (0x00000000e08729b8) 
thrown [s\src\hotspot\share\interpreter\linkResolver.cpp, line 784]
Event: 0.606 Thread 0x0000022b824e1510 Exception <a 'java/lang/NoSuchMethodError'{0x00000000e0876840}: 'void java.lang.invoke.DelegatingMethodHandle$Holder.reinvoke_L(java.lang.Object, java.lang.Object, int)'> (0x00000000e0876840) 
thrown [s\src\hotspot\share\interpreter\linkResolver.cpp, line 784]
Event: 0.658 Thread 0x0000022b824e1510 Exception <a 'java/lang/NoSuchMethodError'{0x00000000e066bc78}: 'java.lang.Object java.lang.invoke.DirectMethodHandle$Holder.invokeInterface(java.lang.Object, java.lang.Object, int)'> (0x00000000e066bc78) 
thrown [s\src\hotspot\share\interpreter\linkResolver.cpp, line 784]
Event: 0.663 Thread 0x0000022b824e1510 Exception <a 'java/lang/NoSuchMethodError'{0x00000000e06b9d88}: static [Ljava/lang/Object;.<clinit>()V> (0x00000000e06b9d88) 
thrown [s\src\hotspot\share\prims\jni.cpp, line 1144]
Event: 0.714 Thread 0x0000022b824e1510 Exception <a 'java/lang/NoSuchMethodError'{0x00000000e05975f0}: 'int java.lang.invoke.DirectMethodHandle$Holder.invokeInterface(java.lang.Object, java.lang.Object, int, int)'> (0x00000000e05975f0) 
thrown [s\src\hotspot\share\interpreter\linkResolver.cpp, line 784]
Event: 0.716 Thread 0x0000022b824e1510 Exception <a 'java/lang/NoSuchMethodError'{0x00000000e05b2418}: static Lcom/intellij/database/remote/jdbc/RemoteResultSet$DataRetrievingOptions;.<clinit>()V> (0x00000000e05b2418) 
thrown [s\src\hotspot\share\prims\jni.cpp, line 1144]
Event: 300.361 Thread 0x0000022b824e35e0 Implicit null exception at 0x0000022b340c9507 to 0x0000022b340c95e8
Event: 5493.388 Thread 0x0000022b825f6980 Exception <a 'java/lang/ClassFormatError'{0x00000000e0d6a440}: Incompatible magic value 0 in class file sun/net/ConnectionResetException> (0x00000000e0d6a440) 
thrown [s\src\hotspot\share\classfile\classFileError.cpp, line 49]
Event: 5493.390 Thread 0x0000022b825f6980 Exception <a 'java/lang/ClassFormatError'{0x00000000e0d6a790}: Incompatible magic value 0 in class file sun/net/ConnectionResetException> (0x00000000e0d6a790) 
thrown [s\src\hotspot\share\classfile\classFileError.cpp, line 49]

ZGC Phase Switch (0 events):
No events

VM Operations (20 events):
Event: 3208.642 Executing VM operation: Cleanup
Event: 3208.642 Executing VM operation: Cleanup done
Event: 3217.670 Executing VM operation: Cleanup
Event: 3217.671 Executing VM operation: Cleanup done
Event: 3600.026 Executing VM operation: G1CollectFull (System.gc())
Event: 3600.096 Executing VM operation: G1CollectFull (System.gc()) done
Event: 3601.107 Executing VM operation: Cleanup
Event: 3601.107 Executing VM operation: Cleanup done
Event: 3965.736 Executing VM operation: Cleanup
Event: 3965.736 Executing VM operation: Cleanup done
Event: 4200.604 Executing VM operation: Cleanup
Event: 4200.604 Executing VM operation: Cleanup done
Event: 4488.065 Executing VM operation: Cleanup
Event: 4488.065 Executing VM operation: Cleanup done
Event: 4501.216 Executing VM operation: Cleanup
Event: 4501.216 Executing VM operation: Cleanup done
Event: 4861.356 Executing VM operation: Cleanup
Event: 4861.356 Executing VM operation: Cleanup done
Event: 5041.498 Executing VM operation: Cleanup
Event: 5041.498 Executing VM operation: Cleanup done

Memory protections (0 events):
No events

Nmethod flushes (0 events):
No events

Events (20 events):
Event: 17.384 Thread 0x0000022b824e1510 Thread added: 0x0000022b824e0e80
Event: 17.384 Thread 0x0000022b824e1510 Thread added: 0x0000022b824e07f0
Event: 17.384 Thread 0x0000022b824e1510 Thread added: 0x0000022b824e28c0
Event: 17.384 Thread 0x0000022b824e1510 Thread added: 0x0000022b824e2230
Event: 17.384 Thread 0x0000022b824e1510 Thread added: 0x0000022b3fefbd70
Event: 17.384 Thread 0x0000022b824e1510 Thread added: 0x0000022b3fefb6e0
Event: 17.385 Thread 0x0000022b824e2f50 Thread exited: 0x0000022b824e2f50
Event: 17.385 Thread 0x0000022b824e0e80 Thread exited: 0x0000022b824e0e80
Event: 17.385 Thread 0x0000022b824e28c0 Thread exited: 0x0000022b824e28c0
Event: 17.385 Thread 0x0000022b824e2230 Thread exited: 0x0000022b824e2230
Event: 17.385 Thread 0x0000022b3fefbd70 Thread exited: 0x0000022b3fefbd70
Event: 17.385 Thread 0x0000022b824e07f0 Thread exited: 0x0000022b824e07f0
Event: 17.385 Thread 0x0000022b3fefb6e0 Thread exited: 0x0000022b3fefb6e0
Event: 90.337 Thread 0x0000022b825f6310 Thread exited: 0x0000022b825f6310
Event: 90.346 Thread 0x0000022b824e1ba0 Thread exited: 0x0000022b824e1ba0
Event: 90.402 Thread 0x0000022b3fb6b960 Thread added: 0x0000022b3fb6abc0
Event: 95.405 Thread 0x0000022b3fb6abc0 Thread exited: 0x0000022b3fb6abc0
Event: 4591.526 Thread 0x0000022b824e3c70 Thread exited: 0x0000022b824e3c70
Event: 4615.751 Thread 0x0000022b824e1510 Thread added: 0x0000022b824e3c70
Event: 4615.754 Thread 0x0000022b824e3c70 Thread exited: 0x0000022b824e3c70


Dynamic libraries:
0x00007ff7dbad0000 - 0x00007ff7dbada000 	C:\Program Files\JetBrains\DataGrip 2025.3.4\jbr\bin\java.exe
0x00007ffd43b80000 - 0x00007ffd43de8000 	C:\WINDOWS\SYSTEM32\ntdll.dll
0x00007ffd41c40000 - 0x00007ffd41d09000 	C:\WINDOWS\System32\KERNEL32.DLL
0x00007ffd41460000 - 0x00007ffd41851000 	C:\WINDOWS\System32\KERNELBASE.dll
0x00007ffd40460000 - 0x00007ffd405ab000 	C:\WINDOWS\System32\ucrtbase.dll
0x00007ffcceef0000 - 0x00007ffccef0b000 	C:\Program Files\JetBrains\DataGrip 2025.3.4\jbr\bin\VCRUNTIME140.dll
0x00007ffcfa4f0000 - 0x00007ffcfa508000 	C:\Program Files\JetBrains\DataGrip 2025.3.4\jbr\bin\jli.dll
0x00007ffd42760000 - 0x00007ffd42926000 	C:\WINDOWS\System32\USER32.dll
0x00007ffd406e0000 - 0x00007ffd40707000 	C:\WINDOWS\System32\win32u.dll
0x00007ffd2bbf0000 - 0x00007ffd2be83000 	C:\WINDOWS\WinSxS\amd64_microsoft.windows.common-controls_6595b64144ccf1df_6.0.26100.7705_none_3e06597ae3363b04\COMCTL32.dll
0x00007ffd43150000 - 0x00007ffd4317b000 	C:\WINDOWS\System32\GDI32.dll
0x00007ffd43a80000 - 0x00007ffd43b29000 	C:\WINDOWS\System32\msvcrt.dll
0x00007ffd405b0000 - 0x00007ffd406db000 	C:\WINDOWS\System32\gdi32full.dll
0x00007ffd40710000 - 0x00007ffd407b3000 	C:\WINDOWS\System32\msvcp_win.dll
0x00007ffd43110000 - 0x00007ffd43141000 	C:\WINDOWS\System32\IMM32.DLL
0x00007ffd202d0000 - 0x00007ffd202dc000 	C:\Program Files\JetBrains\DataGrip 2025.3.4\jbr\bin\vcruntime140_1.dll
0x00007ffcedeb0000 - 0x00007ffcedf3d000 	C:\Program Files\JetBrains\DataGrip 2025.3.4\jbr\bin\msvcp140.dll
0x00007ffc98920000 - 0x00007ffc996ed000 	C:\Program Files\JetBrains\DataGrip 2025.3.4\jbr\bin\server\jvm.dll
0x00007ffd42950000 - 0x00007ffd42a04000 	C:\WINDOWS\System32\ADVAPI32.dll
0x00007ffd43820000 - 0x00007ffd438c6000 	C:\WINDOWS\System32\sechost.dll
0x00007ffd41ac0000 - 0x00007ffd41bd8000 	C:\WINDOWS\System32\RPCRT4.dll
0x00007ffd42a10000 - 0x00007ffd42a84000 	C:\WINDOWS\System32\WS2_32.dll
0x00007ffd402c0000 - 0x00007ffd4031e000 	C:\WINDOWS\SYSTEM32\POWRPROF.dll
0x00007ffd34280000 - 0x00007ffd3428b000 	C:\WINDOWS\SYSTEM32\VERSION.dll
0x00007ffd34e10000 - 0x00007ffd34e45000 	C:\WINDOWS\SYSTEM32\WINMM.dll
0x00007ffd402a0000 - 0x00007ffd402b4000 	C:\WINDOWS\SYSTEM32\UMPDC.dll
0x00007ffd3f1d0000 - 0x00007ffd3f1eb000 	C:\WINDOWS\SYSTEM32\kernel.appcore.dll
0x00007ffced000000 - 0x00007ffced00a000 	C:\Program Files\JetBrains\DataGrip 2025.3.4\jbr\bin\jimage.dll
0x00007ffd3e580000 - 0x00007ffd3e7c2000 	C:\WINDOWS\SYSTEM32\DBGHELP.DLL
0x00007ffd42ce0000 - 0x00007ffd43066000 	C:\WINDOWS\System32\combase.dll
0x00007ffd42a90000 - 0x00007ffd42b67000 	C:\WINDOWS\System32\OLEAUT32.dll
0x00007ffd24af0000 - 0x00007ffd24b2b000 	C:\WINDOWS\SYSTEM32\dbgcore.DLL
0x00007ffd407c0000 - 0x00007ffd40865000 	C:\WINDOWS\System32\bcryptPrimitives.dll
0x00007ffcce9d0000 - 0x00007ffcce9f0000 	C:\Program Files\JetBrains\DataGrip 2025.3.4\jbr\bin\java.dll
0x00007ffd42000000 - 0x00007ffd42751000 	C:\WINDOWS\System32\SHELL32.dll
0x00007ffd410e0000 - 0x00007ffd4124a000 	C:\WINDOWS\System32\wintypes.dll
0x00007ffd40870000 - 0x00007ffd410d2000 	C:\WINDOWS\System32\windows.storage.dll
0x00007ffd43980000 - 0x00007ffd43a76000 	C:\WINDOWS\System32\SHCORE.dll
0x00007ffd41ef0000 - 0x00007ffd41f57000 	C:\WINDOWS\System32\shlwapi.dll
0x00007ffd40380000 - 0x00007ffd403a9000 	C:\WINDOWS\SYSTEM32\profapi.dll
0x00007ffcec400000 - 0x00007ffcec410000 	C:\Program Files\JetBrains\DataGrip 2025.3.4\jbr\bin\net.dll
0x00007ffd38210000 - 0x00007ffd38337000 	C:\WINDOWS\SYSTEM32\WINHTTP.dll
0x00007ffd3f720000 - 0x00007ffd3f78b000 	C:\WINDOWS\system32\mswsock.dll
0x00007ffcb8430000 - 0x00007ffcb8446000 	C:\Program Files\JetBrains\DataGrip 2025.3.4\jbr\bin\nio.dll
0x00007ffcb9860000 - 0x00007ffcb9878000 	C:\Program Files\JetBrains\DataGrip 2025.3.4\jbr\bin\zip.dll
0x00007ffd3ebd0000 - 0x00007ffd3ec04000 	C:\WINDOWS\SYSTEM32\IPHLPAPI.DLL
0x00007ffd41f70000 - 0x00007ffd41f7a000 	C:\WINDOWS\System32\NSI.dll
0x00007ffd3fb10000 - 0x00007ffd3fb2b000 	C:\WINDOWS\SYSTEM32\CRYPTSP.dll
0x00007ffd3f130000 - 0x00007ffd3f169000 	C:\WINDOWS\system32\rsaenh.dll
0x00007ffd3f7d0000 - 0x00007ffd3f7fb000 	C:\WINDOWS\SYSTEM32\USERENV.dll
0x00007ffd40350000 - 0x00007ffd4037a000 	C:\WINDOWS\SYSTEM32\bcrypt.dll
0x00007ffd3f970000 - 0x00007ffd3f97c000 	C:\WINDOWS\SYSTEM32\CRYPTBASE.dll
0x00007ffc910f0000 - 0x00007ffc910f9000 	C:\Program Files\JetBrains\DataGrip 2025.3.4\jbr\bin\extnet.dll
0x00007ffcfa1f0000 - 0x00007ffcfa1f7000 	C:\Program Files\JetBrains\DataGrip 2025.3.4\jbr\bin\rmi.dll
0x00007ffc91100000 - 0x00007ffc91109000 	C:\Program Files\JetBrains\DataGrip 2025.3.4\jbr\bin\management.dll
0x00007ffc91190000 - 0x00007ffc9119b000 	C:\Program Files\JetBrains\DataGrip 2025.3.4\jbr\bin\management_ext.dll
0x00007ffd41f60000 - 0x00007ffd41f68000 	C:\WINDOWS\System32\PSAPI.DLL

JVMTI agents: none

dbghelp: loaded successfully - version: 4.0.5 - missing functions: none
symbol engine: initialized successfully - sym options: 0x614 - pdb path: .;C:\Program Files\JetBrains\DataGrip 2025.3.4\jbr\bin;C:\WINDOWS\SYSTEM32;C:\WINDOWS\WinSxS\amd64_microsoft.windows.common-controls_6595b64144ccf1df_6.0.26100.7705_none_3e06597ae3363b04;C:\Program Files\JetBrains\DataGrip 2025.3.4\jbr\bin\server

VM Arguments:
jvm_args: -Djava.rmi.server.hostname=127.0.0.1 -Duser.timezone=UTC -Xmx750m -Xms256m --add-exports=java.desktop/sun.awt=ALL-UNNAMED --add-exports=java.desktop/java.awt.peer=ALL-UNNAMED --add-opens=java.desktop/java.awt=ALL-UNNAMED --add-opens=jdk.unsupported/sun.misc=ALL-UNNAMED --add-opens=java.base/java.nio=ALL-UNNAMED --add-opens=java.base/java.util=ALL-UNNAMED -Dfile.encoding=UTF-8 -Dsun.stdout.encoding=UTF-8 -Dsun.stderr.encoding=UTF-8 
java_command: com.intellij.database.remote.RemoteJdbcServer org.postgresql.Driver
java_class_path (initial): C:\Program Files\JetBrains\DataGrip 2025.3.4\lib\util_rt.jar;C:\Program Files\JetBrains\DataGrip 2025.3.4\lib\module-intellij.libraries.fastutil.jar;C:\Program Files\JetBrains\DataGrip 2025.3.4\lib\groovy.jar;C:\Program Files\JetBrains\DataGrip 2025.3.4\plugins\DatabaseTools\lib\modules\intellij.database.jdbcConsole.jar;C:\Program Files\JetBrains\DataGrip 2025.3.4\lib\modules\intellij.grid.types.jar;C:\Program Files\JetBrains\DataGrip 2025.3.4\lib\util.jar;C:\Program Files\JetBrains\DataGrip 2025.3.4\lib\module-intellij.libraries.bouncy.castle.provider.jar
Launcher Type: SUN_STANDARD

[Global flags]
     intx CICompilerCount                          = 12                                        {product} {ergonomic}
     uint ConcGCThreads                            = 3                                         {product} {ergonomic}
     uint G1ConcRefinementThreads                  = 13                                        {product} {ergonomic}
   size_t G1HeapRegionSize                         = 1048576                                   {product} {ergonomic}
    uintx GCDrainStackTargetSize                   = 64                                        {product} {ergonomic}
   size_t InitialHeapSize                          = 268435456                                 {product} {command line}
   size_t MarkStackSize                            = 4194304                                   {product} {ergonomic}
   size_t MaxHeapSize                              = 786432000                                 {product} {command line}
   size_t MaxNewSize                               = 471859200                                 {product} {ergonomic}
   size_t MinHeapDeltaBytes                        = 1048576                                   {product} {ergonomic}
   size_t MinHeapSize                              = 268435456                                 {product} {command line}
    uintx NonNMethodCodeHeapSize                   = 7602480                                {pd product} {ergonomic}
    uintx NonProfiledCodeHeapSize                  = 122027880                              {pd product} {ergonomic}
    uintx ProfiledCodeHeapSize                     = 122027880                              {pd product} {ergonomic}
    uintx ReservedCodeCacheSize                    = 251658240                              {pd product} {ergonomic}
     bool SegmentedCodeCache                       = true                                      {product} {ergonomic}
   size_t SoftMaxHeapSize                          = 786432000                              {manageable} {ergonomic}
     bool UseCompressedOops                        = true                           {product lp64_product} {ergonomic}
     bool UseG1GC                                  = true                                      {product} {ergonomic}
     bool UseLargePagesIndividualAllocation        = false                                  {pd product} {ergonomic}

Logging:
Log output configuration:
 #0: stdout all=warning uptime,level,tags foldmultilines=false
 #1: stderr all=off uptime,level,tags foldmultilines=false

Release file:
JAVA_VERSION="21.0.9" 
MODULES="java.base java.datatransfer java.xml java.prefs java.desktop gluegen.rt java.compiler java.instrument java.logging java.management java.security.sasl java.naming java.rmi java.management.rmi java.net.http java.scripting java.security.jgss java.transaction.xa java.sql java.sql.rowset java.xml.crypto java.se java.smartcardio jogl.all jcef jdk.accessibility jdk.internal.jvmstat jdk.attach jdk.charsets jdk.internal.opt jdk.zipfs jdk.compiler jdk.crypto.ec jdk.crypto.cryptoki jdk.crypto.mscapi jdk.dynalink jdk.hotspot.agent jdk.httpserver jdk.internal.ed jdk.internal.le jdk.internal.vm.ci jdk.javadoc jdk.jcmd jdk.jdwp.agent jdk.jdi jdk.jfr jdk.jsobject jdk.localedata jdk.management jdk.management.agent jdk.management.jfr jdk.naming.dns jdk.naming.rmi jdk.net jdk.sctp jdk.security.auth jdk.security.jgss jdk.unsupported jdk.unsupported.desktop jdk.xml.dom" 
IMPLEMENTOR="JetBrains s.r.o." 
IMPLEMENTOR_VERSION="JBR-21.0.9+1-1163.94-jcef" 
JAVA_RUNTIME_VERSION="21.0.9+1-b1163.94" 
LIBC="default" 
OS_ARCH="x86_64" 
OS_NAME="Windows" 
SOURCE=".:git:5d82c7fa6abe+ jcef_git:git:4a605f44671a" 
JCEF_VERSION="137.0.17.1087+g722a58e" 
JCEF_COMMIT_HASH="722a58ea148c6577a6b7e379036edec01083f004" 

Environment Variables:
PATH=C:\Program Files\WindowsApps\Microsoft.PowerShell_7.5.0.0_x64__8wekyb3d8bbwe;C:\Python313\Scripts\;C:\Python313\;C:\Windows\system32;C:\Windows;C:\Windows\System32\Wbem;C:\Windows\System32\WindowsPowerShell\v1.0\;C:\Windows\System32\OpenSSH\;C:\ProgramData\chocolatey\bin;C:\Program Files\nodejs\;C:\Program Files\LLVM\bin;C:\Program files\Git\bin;C:\Program files\Git\cmd;C:\Program Files\CMake\bin;C:\Users\Auditplus-pc9\.cargo\bin;C:\flutter\bin;C:\Users\Auditplus-pc9\AppData\Local\Programs\Microsoft VS Code\bin;C:\Users\Auditplus-pc9\AppData\Local\GitHubDesktop\bin;C:\Program Files\PostgreSQL\17\bin;C:\WINDOWS\system32;C:\WINDOWS;C:\WINDOWS\System32\Wbem;C:\WINDOWS\System32\WindowsPowerShell\v1.0\;C:\WINDOWS\System32\OpenSSH\;C:\Program Files\Go\bin;C:\Program Files\PowerShell\7\;C:\lua;C:\Strawberry\c\bin;C:\Strawberry\perl\site\bin;C:\Strawberry\perl\bin;C:\Users\Auditplus-pc9\.cargo\bin;C:\flutter\bin;C:\Users\Auditplus-pc9\AppData\Local\Programs\Microsoft VS Code\bin;C:\Users\Auditplus-pc9\AppData\Local\GitHubDesktop\bin;C:\Users\Auditplus-pc9\AppData\Local\Microsoft\WindowsApps;C:\Users\Auditplus-pc9\AppData\Local\Pub\Cache\bin;C:\Program Files\JetBrains\DataGrip 2025.3.4\bin;C:\Users\Auditplus-pc9\AppData\Local\Microsoft\WinGet\Links;C:\Program Files\JetBrains\RustRover 2025.3.2\bin;C:\Users\Auditplus-pc9\go\bin;C:\Program Files\Go\bin;;C:\tools\dart-sdk\bin
USERNAME=Auditplus-pc9
OS=Windows_NT
PROCESSOR_IDENTIFIER=Intel64 Family 6 Model 154 Stepping 3, GenuineIntel
TMP=C:\Users\AUDITP~1\AppData\Local\Temp
TEMP=C:\Users\AUDITP~1\AppData\Local\Temp




Periodic native trim disabled

JNI global refs:
JNI global refs: 25, weak refs: 0

JNI global refs memory usage: 835, weak refs: 201

Process memory usage:
Resident Set Size: 24188K (0% of 16339784K total physical memory with 1297348K free physical memory)

OOME stack traces (most recent first):
Classloader memory used:
Loader bootstrap                                                                       : 3763K
Loader jdk.internal.loader.ClassLoaders$AppClassLoader                                 : 3146K
Loader com.intellij.database.remote.jdbc.impl.JdbcClassLoader$JdbcClassLoaderImpl      : 1516K
Loader jdk.internal.loader.ClassLoaders$PlatformClassLoader                            : 300K
Loader jdk.internal.reflect.DelegatingClassLoader                                      : 97688B


[error occurred during error reporting (Classloader stats), id 0xe0000001, Out of Memory Error (s\src\hotspot\share\memory\arena.cpp:168)]
---------------  S Y S T E M  ---------------

OS:
 Windows 11 , 64 bit Build 26100 (10.0.26100.7705)
OS uptime: 0 days 7:59 hours
Hyper-V role detected

CPU: total 16 (initial active 16) (8 cores per cpu, 2 threads per core) family 6 model 154 stepping 3 microcode 0x433, cx8, cmov, fxsr, ht, mmx, 3dnowpref, sse, sse2, sse3, ssse3, sse4.1, sse4.2, popcnt, lzcnt, tsc, tscinvbit, avx, avx2, aes, erms, clmul, bmi1, bmi2, adx, sha, fma, vzeroupper, clflush, clflushopt, clwb, hv, serialize, rdtscp, rdpid, fsrm, f16c, cet_ibt, cet_ss
Processor Information for the first 16 processors :
  Max Mhz: 1700, Current Mhz: 1700, Mhz Limit: 1700

Memory: 4k page, system-wide physical 15956M (1256M free)
TotalPageFile size 31605M (AvailPageFile size 0M)
current process WorkingSet (physical memory assigned to process): 30M, peak: 109M
current process commit charge ("private bytes"): 386M, peak: 414M

vm_info: OpenJDK 64-Bit Server VM (21.0.9+1-b1163.94) for windows-amd64 JRE (21.0.9+1-b1163.94), built on 2026-01-12 by "builduser" with MS VC++ 16.10 / 16.11 (VS2019)

END.
